ARM GAS  /var/folders/rp/ngf19lg10dnfsn5m36jgzt1w0000gn/T//cchbs77x.s 			page 1


   1              		.cpu cortex-m0
   2              		.eabi_attribute 20, 1
   3              		.eabi_attribute 21, 1
   4              		.eabi_attribute 23, 3
   5              		.eabi_attribute 24, 1
   6              		.eabi_attribute 25, 1
   7              		.eabi_attribute 26, 1
   8              		.eabi_attribute 30, 1
   9              		.eabi_attribute 34, 0
  10              		.eabi_attribute 18, 4
  11              		.file	"stm32f0xx_it.c"
  12              		.text
  13              	.Ltext0:
  14              		.cfi_sections	.debug_frame
  15              		.section	.text.NMI_Handler,"ax",%progbits
  16              		.align	1
  17              		.global	NMI_Handler
  18              		.arch armv6s-m
  19              		.syntax unified
  20              		.code	16
  21              		.thumb_func
  22              		.fpu softvfp
  24              	NMI_Handler:
  25              	.LFB37:
  26              		.file 1 "Src/stm32f0xx_it.c"
   1:Src/stm32f0xx_it.c **** /**
   2:Src/stm32f0xx_it.c ****   ******************************************************************************
   3:Src/stm32f0xx_it.c ****   * @file    stm32f0xx_it.c
   4:Src/stm32f0xx_it.c ****   * @brief   Interrupt Service Routines.
   5:Src/stm32f0xx_it.c ****   ******************************************************************************
   6:Src/stm32f0xx_it.c ****   *
   7:Src/stm32f0xx_it.c ****   * COPYRIGHT(c) 2020 STMicroelectronics
   8:Src/stm32f0xx_it.c ****   *
   9:Src/stm32f0xx_it.c ****   * Redistribution and use in source and binary forms, with or without modification,
  10:Src/stm32f0xx_it.c ****   * are permitted provided that the following conditions are met:
  11:Src/stm32f0xx_it.c ****   *   1. Redistributions of source code must retain the above copyright notice,
  12:Src/stm32f0xx_it.c ****   *      this list of conditions and the following disclaimer.
  13:Src/stm32f0xx_it.c ****   *   2. Redistributions in binary form must reproduce the above copyright notice,
  14:Src/stm32f0xx_it.c ****   *      this list of conditions and the following disclaimer in the documentation
  15:Src/stm32f0xx_it.c ****   *      and/or other materials provided with the distribution.
  16:Src/stm32f0xx_it.c ****   *   3. Neither the name of STMicroelectronics nor the names of its contributors
  17:Src/stm32f0xx_it.c ****   *      may be used to endorse or promote products derived from this software
  18:Src/stm32f0xx_it.c ****   *      without specific prior written permission.
  19:Src/stm32f0xx_it.c ****   *
  20:Src/stm32f0xx_it.c ****   * THIS SOFTWARE IS PROVIDED BY THE COPYRIGHT HOLDERS AND CONTRIBUTORS "AS IS"
  21:Src/stm32f0xx_it.c ****   * AND ANY EXPRESS OR IMPLIED WARRANTIES, INCLUDING, BUT NOT LIMITED TO, THE
  22:Src/stm32f0xx_it.c ****   * IMPLIED WARRANTIES OF MERCHANTABILITY AND FITNESS FOR A PARTICULAR PURPOSE ARE
  23:Src/stm32f0xx_it.c ****   * DISCLAIMED. IN NO EVENT SHALL THE COPYRIGHT HOLDER OR CONTRIBUTORS BE LIABLE
  24:Src/stm32f0xx_it.c ****   * FOR ANY DIRECT, INDIRECT, INCIDENTAL, SPECIAL, EXEMPLARY, OR CONSEQUENTIAL
  25:Src/stm32f0xx_it.c ****   * DAMAGES (INCLUDING, BUT NOT LIMITED TO, PROCUREMENT OF SUBSTITUTE GOODS OR
  26:Src/stm32f0xx_it.c ****   * SERVICES; LOSS OF USE, DATA, OR PROFITS; OR BUSINESS INTERRUPTION) HOWEVER
  27:Src/stm32f0xx_it.c ****   * CAUSED AND ON ANY THEORY OF LIABILITY, WHETHER IN CONTRACT, STRICT LIABILITY,
  28:Src/stm32f0xx_it.c ****   * OR TORT (INCLUDING NEGLIGENCE OR OTHERWISE) ARISING IN ANY WAY OUT OF THE USE
  29:Src/stm32f0xx_it.c ****   * OF THIS SOFTWARE, EVEN IF ADVISED OF THE POSSIBILITY OF SUCH DAMAGE.
  30:Src/stm32f0xx_it.c ****   *
  31:Src/stm32f0xx_it.c ****   ******************************************************************************
  32:Src/stm32f0xx_it.c ****   */
ARM GAS  /var/folders/rp/ngf19lg10dnfsn5m36jgzt1w0000gn/T//cchbs77x.s 			page 2


  33:Src/stm32f0xx_it.c **** /* Includes ------------------------------------------------------------------*/
  34:Src/stm32f0xx_it.c **** #include "stm32f0xx_hal.h"
  35:Src/stm32f0xx_it.c **** #include "stm32f0xx.h"
  36:Src/stm32f0xx_it.c **** #include "stm32f0xx_it.h"
  37:Src/stm32f0xx_it.c **** 
  38:Src/stm32f0xx_it.c **** /* USER CODE BEGIN 0 */
  39:Src/stm32f0xx_it.c **** 
  40:Src/stm32f0xx_it.c **** /* USER CODE END 0 */
  41:Src/stm32f0xx_it.c **** 
  42:Src/stm32f0xx_it.c **** /* External variables --------------------------------------------------------*/
  43:Src/stm32f0xx_it.c **** 
  44:Src/stm32f0xx_it.c **** /******************************************************************************/
  45:Src/stm32f0xx_it.c **** /*            Cortex-M0 Processor Interruption and Exception Handlers         */ 
  46:Src/stm32f0xx_it.c **** /******************************************************************************/
  47:Src/stm32f0xx_it.c **** 
  48:Src/stm32f0xx_it.c **** /**
  49:Src/stm32f0xx_it.c **** * @brief This function handles Non maskable interrupt.
  50:Src/stm32f0xx_it.c **** */
  51:Src/stm32f0xx_it.c **** void NMI_Handler(void)
  52:Src/stm32f0xx_it.c **** {
  27              		.loc 1 52 1 view -0
  28              		.cfi_startproc
  29              		@ args = 0, pretend = 0, frame = 0
  30              		@ frame_needed = 0, uses_anonymous_args = 0
  31              		@ link register save eliminated.
  53:Src/stm32f0xx_it.c ****   /* USER CODE BEGIN NonMaskableInt_IRQn 0 */
  54:Src/stm32f0xx_it.c **** 
  55:Src/stm32f0xx_it.c ****   /* USER CODE END NonMaskableInt_IRQn 0 */
  56:Src/stm32f0xx_it.c ****   /* USER CODE BEGIN NonMaskableInt_IRQn 1 */
  57:Src/stm32f0xx_it.c **** 
  58:Src/stm32f0xx_it.c ****   /* USER CODE END NonMaskableInt_IRQn 1 */
  59:Src/stm32f0xx_it.c **** }
  32              		.loc 1 59 1 view .LVU1
  33              		@ sp needed
  34 0000 7047     		bx	lr
  35              		.cfi_endproc
  36              	.LFE37:
  38              		.section	.text.HardFault_Handler,"ax",%progbits
  39              		.align	1
  40              		.global	HardFault_Handler
  41              		.syntax unified
  42              		.code	16
  43              		.thumb_func
  44              		.fpu softvfp
  46              	HardFault_Handler:
  47              	.LFB38:
  60:Src/stm32f0xx_it.c **** 
  61:Src/stm32f0xx_it.c **** /**
  62:Src/stm32f0xx_it.c **** * @brief This function handles Hard fault interrupt.
  63:Src/stm32f0xx_it.c **** */
  64:Src/stm32f0xx_it.c **** void HardFault_Handler(void)
  65:Src/stm32f0xx_it.c **** {
  48              		.loc 1 65 1 view -0
  49              		.cfi_startproc
  50              		@ Volatile: function does not return.
  51              		@ args = 0, pretend = 0, frame = 0
  52              		@ frame_needed = 0, uses_anonymous_args = 0
ARM GAS  /var/folders/rp/ngf19lg10dnfsn5m36jgzt1w0000gn/T//cchbs77x.s 			page 3


  53              		@ link register save eliminated.
  54              	.L3:
  66:Src/stm32f0xx_it.c ****   /* USER CODE BEGIN HardFault_IRQn 0 */
  67:Src/stm32f0xx_it.c **** 
  68:Src/stm32f0xx_it.c ****   /* USER CODE END HardFault_IRQn 0 */
  69:Src/stm32f0xx_it.c ****   while (1)
  55              		.loc 1 69 3 discriminator 1 view .LVU3
  70:Src/stm32f0xx_it.c ****   {
  71:Src/stm32f0xx_it.c ****   }
  56              		.loc 1 71 3 discriminator 1 view .LVU4
  69:Src/stm32f0xx_it.c ****   {
  57              		.loc 1 69 9 discriminator 1 view .LVU5
  58 0000 FEE7     		b	.L3
  59              		.cfi_endproc
  60              	.LFE38:
  62              		.section	.text.SVC_Handler,"ax",%progbits
  63              		.align	1
  64              		.global	SVC_Handler
  65              		.syntax unified
  66              		.code	16
  67              		.thumb_func
  68              		.fpu softvfp
  70              	SVC_Handler:
  71              	.LFB39:
  72:Src/stm32f0xx_it.c ****   /* USER CODE BEGIN HardFault_IRQn 1 */
  73:Src/stm32f0xx_it.c **** 
  74:Src/stm32f0xx_it.c ****   /* USER CODE END HardFault_IRQn 1 */
  75:Src/stm32f0xx_it.c **** }
  76:Src/stm32f0xx_it.c **** 
  77:Src/stm32f0xx_it.c **** /**
  78:Src/stm32f0xx_it.c **** * @brief This function handles System service call via SWI instruction.
  79:Src/stm32f0xx_it.c **** */
  80:Src/stm32f0xx_it.c **** void SVC_Handler(void)
  81:Src/stm32f0xx_it.c **** {
  72              		.loc 1 81 1 view -0
  73              		.cfi_startproc
  74              		@ args = 0, pretend = 0, frame = 0
  75              		@ frame_needed = 0, uses_anonymous_args = 0
  76              		@ link register save eliminated.
  82:Src/stm32f0xx_it.c ****   /* USER CODE BEGIN SVC_IRQn 0 */
  83:Src/stm32f0xx_it.c **** 
  84:Src/stm32f0xx_it.c ****   /* USER CODE END SVC_IRQn 0 */
  85:Src/stm32f0xx_it.c ****   /* USER CODE BEGIN SVC_IRQn 1 */
  86:Src/stm32f0xx_it.c **** 
  87:Src/stm32f0xx_it.c ****   /* USER CODE END SVC_IRQn 1 */
  88:Src/stm32f0xx_it.c **** }
  77              		.loc 1 88 1 view .LVU7
  78              		@ sp needed
  79 0000 7047     		bx	lr
  80              		.cfi_endproc
  81              	.LFE39:
  83              		.section	.text.PendSV_Handler,"ax",%progbits
  84              		.align	1
  85              		.global	PendSV_Handler
  86              		.syntax unified
  87              		.code	16
  88              		.thumb_func
ARM GAS  /var/folders/rp/ngf19lg10dnfsn5m36jgzt1w0000gn/T//cchbs77x.s 			page 4


  89              		.fpu softvfp
  91              	PendSV_Handler:
  92              	.LFB40:
  89:Src/stm32f0xx_it.c **** 
  90:Src/stm32f0xx_it.c **** /**
  91:Src/stm32f0xx_it.c **** * @brief This function handles Pendable request for system service.
  92:Src/stm32f0xx_it.c **** */
  93:Src/stm32f0xx_it.c **** void PendSV_Handler(void)
  94:Src/stm32f0xx_it.c **** {
  93              		.loc 1 94 1 view -0
  94              		.cfi_startproc
  95              		@ args = 0, pretend = 0, frame = 0
  96              		@ frame_needed = 0, uses_anonymous_args = 0
  97              		@ link register save eliminated.
  95:Src/stm32f0xx_it.c ****   /* USER CODE BEGIN PendSV_IRQn 0 */
  96:Src/stm32f0xx_it.c **** 
  97:Src/stm32f0xx_it.c ****   /* USER CODE END PendSV_IRQn 0 */
  98:Src/stm32f0xx_it.c ****   /* USER CODE BEGIN PendSV_IRQn 1 */
  99:Src/stm32f0xx_it.c **** 
 100:Src/stm32f0xx_it.c ****   /* USER CODE END PendSV_IRQn 1 */
 101:Src/stm32f0xx_it.c **** }
  98              		.loc 1 101 1 view .LVU9
  99              		@ sp needed
 100 0000 7047     		bx	lr
 101              		.cfi_endproc
 102              	.LFE40:
 104              		.section	.text.SysTick_Handler,"ax",%progbits
 105              		.align	1
 106              		.global	SysTick_Handler
 107              		.syntax unified
 108              		.code	16
 109              		.thumb_func
 110              		.fpu softvfp
 112              	SysTick_Handler:
 113              	.LFB41:
 102:Src/stm32f0xx_it.c **** 
 103:Src/stm32f0xx_it.c **** /**
 104:Src/stm32f0xx_it.c **** * @brief This function handles System tick timer.
 105:Src/stm32f0xx_it.c **** */
 106:Src/stm32f0xx_it.c **** void SysTick_Handler(void)
 107:Src/stm32f0xx_it.c **** {
 114              		.loc 1 107 1 view -0
 115              		.cfi_startproc
 116              		@ args = 0, pretend = 0, frame = 0
 117              		@ frame_needed = 0, uses_anonymous_args = 0
 118 0000 10B5     		push	{r4, lr}
 119              	.LCFI0:
 120              		.cfi_def_cfa_offset 8
 121              		.cfi_offset 4, -8
 122              		.cfi_offset 14, -4
 108:Src/stm32f0xx_it.c ****   /* USER CODE BEGIN SysTick_IRQn 0 */
 109:Src/stm32f0xx_it.c **** 
 110:Src/stm32f0xx_it.c ****   /* USER CODE END SysTick_IRQn 0 */
 111:Src/stm32f0xx_it.c ****   HAL_IncTick();
 123              		.loc 1 111 3 view .LVU11
 124 0002 FFF7FEFF 		bl	HAL_IncTick
 125              	.LVL0:
ARM GAS  /var/folders/rp/ngf19lg10dnfsn5m36jgzt1w0000gn/T//cchbs77x.s 			page 5


 112:Src/stm32f0xx_it.c ****   HAL_SYSTICK_IRQHandler();
 126              		.loc 1 112 3 view .LVU12
 127 0006 FFF7FEFF 		bl	HAL_SYSTICK_IRQHandler
 128              	.LVL1:
 113:Src/stm32f0xx_it.c ****   /* USER CODE BEGIN SysTick_IRQn 1 */
 114:Src/stm32f0xx_it.c **** 
 115:Src/stm32f0xx_it.c ****   /* USER CODE END SysTick_IRQn 1 */
 116:Src/stm32f0xx_it.c **** }
 129              		.loc 1 116 1 is_stmt 0 view .LVU13
 130              		@ sp needed
 131 000a 10BD     		pop	{r4, pc}
 132              		.cfi_endproc
 133              	.LFE41:
 135              		.text
 136              	.Letext0:
 137              		.file 2 "/usr/local/Caskroom/gcc-arm-embedded/9-2019-q4-major/gcc-arm-none-eabi-9-2019-q4-major/ar
 138              		.file 3 "/usr/local/Caskroom/gcc-arm-embedded/9-2019-q4-major/gcc-arm-none-eabi-9-2019-q4-major/ar
 139              		.file 4 "Drivers/CMSIS/Device/ST/STM32F0xx/Include/system_stm32f0xx.h"
 140              		.file 5 "/usr/local/Caskroom/gcc-arm-embedded/9-2019-q4-major/gcc-arm-none-eabi-9-2019-q4-major/ar
 141              		.file 6 "/usr/local/Caskroom/gcc-arm-embedded/9-2019-q4-major/gcc-arm-none-eabi-9-2019-q4-major/ar
 142              		.file 7 "/usr/local/Caskroom/gcc-arm-embedded/9-2019-q4-major/gcc-arm-none-eabi-9-2019-q4-major/li
 143              		.file 8 "/usr/local/Caskroom/gcc-arm-embedded/9-2019-q4-major/gcc-arm-none-eabi-9-2019-q4-major/ar
 144              		.file 9 "Drivers/STM32F0xx_HAL_Driver/Inc/stm32f0xx_hal.h"
 145              		.file 10 "Drivers/STM32F0xx_HAL_Driver/Inc/stm32f0xx_hal_cortex.h"
ARM GAS  /var/folders/rp/ngf19lg10dnfsn5m36jgzt1w0000gn/T//cchbs77x.s 			page 6


DEFINED SYMBOLS
                            *ABS*:0000000000000000 stm32f0xx_it.c
/var/folders/rp/ngf19lg10dnfsn5m36jgzt1w0000gn/T//cchbs77x.s:16     .text.NMI_Handler:0000000000000000 $t
/var/folders/rp/ngf19lg10dnfsn5m36jgzt1w0000gn/T//cchbs77x.s:24     .text.NMI_Handler:0000000000000000 NMI_Handler
/var/folders/rp/ngf19lg10dnfsn5m36jgzt1w0000gn/T//cchbs77x.s:39     .text.HardFault_Handler:0000000000000000 $t
/var/folders/rp/ngf19lg10dnfsn5m36jgzt1w0000gn/T//cchbs77x.s:46     .text.HardFault_Handler:0000000000000000 HardFault_Handler
/var/folders/rp/ngf19lg10dnfsn5m36jgzt1w0000gn/T//cchbs77x.s:63     .text.SVC_Handler:0000000000000000 $t
/var/folders/rp/ngf19lg10dnfsn5m36jgzt1w0000gn/T//cchbs77x.s:70     .text.SVC_Handler:0000000000000000 SVC_Handler
/var/folders/rp/ngf19lg10dnfsn5m36jgzt1w0000gn/T//cchbs77x.s:84     .text.PendSV_Handler:0000000000000000 $t
/var/folders/rp/ngf19lg10dnfsn5m36jgzt1w0000gn/T//cchbs77x.s:91     .text.PendSV_Handler:0000000000000000 PendSV_Handler
/var/folders/rp/ngf19lg10dnfsn5m36jgzt1w0000gn/T//cchbs77x.s:105    .text.SysTick_Handler:0000000000000000 $t
/var/folders/rp/ngf19lg10dnfsn5m36jgzt1w0000gn/T//cchbs77x.s:112    .text.SysTick_Handler:0000000000000000 SysTick_Handler

UNDEFINED SYMBOLS
HAL_IncTick
HAL_SYSTICK_IRQHandler
