ARM GAS  /var/folders/rp/ngf19lg10dnfsn5m36jgzt1w0000gn/T//ccCHp9jg.s 			page 1


   1              		.cpu cortex-m0
   2              		.eabi_attribute 20, 1
   3              		.eabi_attribute 21, 1
   4              		.eabi_attribute 23, 3
   5              		.eabi_attribute 24, 1
   6              		.eabi_attribute 25, 1
   7              		.eabi_attribute 26, 1
   8              		.eabi_attribute 30, 1
   9              		.eabi_attribute 34, 0
  10              		.eabi_attribute 18, 4
  11              		.file	"stm32f0xx_hal_pwr_ex.c"
  12              		.text
  13              	.Ltext0:
  14              		.cfi_sections	.debug_frame
  15              		.section	.text.HAL_PWR_ConfigPVD,"ax",%progbits
  16              		.align	1
  17              		.global	HAL_PWR_ConfigPVD
  18              		.arch armv6s-m
  19              		.syntax unified
  20              		.code	16
  21              		.thumb_func
  22              		.fpu softvfp
  24              	HAL_PWR_ConfigPVD:
  25              	.LVL0:
  26              	.LFB37:
  27              		.file 1 "Drivers/STM32F0xx_HAL_Driver/Src/stm32f0xx_hal_pwr_ex.c"
   1:Drivers/STM32F0xx_HAL_Driver/Src/stm32f0xx_hal_pwr_ex.c **** /**
   2:Drivers/STM32F0xx_HAL_Driver/Src/stm32f0xx_hal_pwr_ex.c ****   ******************************************************************************
   3:Drivers/STM32F0xx_HAL_Driver/Src/stm32f0xx_hal_pwr_ex.c ****   * @file    stm32f0xx_hal_pwr_ex.c
   4:Drivers/STM32F0xx_HAL_Driver/Src/stm32f0xx_hal_pwr_ex.c ****   * @author  MCD Application Team
   5:Drivers/STM32F0xx_HAL_Driver/Src/stm32f0xx_hal_pwr_ex.c ****   * @version V1.4.0
   6:Drivers/STM32F0xx_HAL_Driver/Src/stm32f0xx_hal_pwr_ex.c ****   * @date    27-May-2016
   7:Drivers/STM32F0xx_HAL_Driver/Src/stm32f0xx_hal_pwr_ex.c ****   * @brief   Extended PWR HAL module driver.
   8:Drivers/STM32F0xx_HAL_Driver/Src/stm32f0xx_hal_pwr_ex.c ****   *          This file provides firmware functions to manage the following
   9:Drivers/STM32F0xx_HAL_Driver/Src/stm32f0xx_hal_pwr_ex.c ****   *          functionalities of the Power Controller (PWR) peripheral:
  10:Drivers/STM32F0xx_HAL_Driver/Src/stm32f0xx_hal_pwr_ex.c ****   *           + Extended Initialization and de-initialization functions
  11:Drivers/STM32F0xx_HAL_Driver/Src/stm32f0xx_hal_pwr_ex.c ****   *           + Extended Peripheral Control functions
  12:Drivers/STM32F0xx_HAL_Driver/Src/stm32f0xx_hal_pwr_ex.c ****   *         
  13:Drivers/STM32F0xx_HAL_Driver/Src/stm32f0xx_hal_pwr_ex.c ****   ******************************************************************************
  14:Drivers/STM32F0xx_HAL_Driver/Src/stm32f0xx_hal_pwr_ex.c ****   * @attention
  15:Drivers/STM32F0xx_HAL_Driver/Src/stm32f0xx_hal_pwr_ex.c ****   *
  16:Drivers/STM32F0xx_HAL_Driver/Src/stm32f0xx_hal_pwr_ex.c ****   * <h2><center>&copy; COPYRIGHT(c) 2016 STMicroelectronics</center></h2>
  17:Drivers/STM32F0xx_HAL_Driver/Src/stm32f0xx_hal_pwr_ex.c ****   *
  18:Drivers/STM32F0xx_HAL_Driver/Src/stm32f0xx_hal_pwr_ex.c ****   * Redistribution and use in source and binary forms, with or without modification,
  19:Drivers/STM32F0xx_HAL_Driver/Src/stm32f0xx_hal_pwr_ex.c ****   * are permitted provided that the following conditions are met:
  20:Drivers/STM32F0xx_HAL_Driver/Src/stm32f0xx_hal_pwr_ex.c ****   *   1. Redistributions of source code must retain the above copyright notice,
  21:Drivers/STM32F0xx_HAL_Driver/Src/stm32f0xx_hal_pwr_ex.c ****   *      this list of conditions and the following disclaimer.
  22:Drivers/STM32F0xx_HAL_Driver/Src/stm32f0xx_hal_pwr_ex.c ****   *   2. Redistributions in binary form must reproduce the above copyright notice,
  23:Drivers/STM32F0xx_HAL_Driver/Src/stm32f0xx_hal_pwr_ex.c ****   *      this list of conditions and the following disclaimer in the documentation
  24:Drivers/STM32F0xx_HAL_Driver/Src/stm32f0xx_hal_pwr_ex.c ****   *      and/or other materials provided with the distribution.
  25:Drivers/STM32F0xx_HAL_Driver/Src/stm32f0xx_hal_pwr_ex.c ****   *   3. Neither the name of STMicroelectronics nor the names of its contributors
  26:Drivers/STM32F0xx_HAL_Driver/Src/stm32f0xx_hal_pwr_ex.c ****   *      may be used to endorse or promote products derived from this software
  27:Drivers/STM32F0xx_HAL_Driver/Src/stm32f0xx_hal_pwr_ex.c ****   *      without specific prior written permission.
  28:Drivers/STM32F0xx_HAL_Driver/Src/stm32f0xx_hal_pwr_ex.c ****   *
  29:Drivers/STM32F0xx_HAL_Driver/Src/stm32f0xx_hal_pwr_ex.c ****   * THIS SOFTWARE IS PROVIDED BY THE COPYRIGHT HOLDERS AND CONTRIBUTORS "AS IS"
  30:Drivers/STM32F0xx_HAL_Driver/Src/stm32f0xx_hal_pwr_ex.c ****   * AND ANY EXPRESS OR IMPLIED WARRANTIES, INCLUDING, BUT NOT LIMITED TO, THE
  31:Drivers/STM32F0xx_HAL_Driver/Src/stm32f0xx_hal_pwr_ex.c ****   * IMPLIED WARRANTIES OF MERCHANTABILITY AND FITNESS FOR A PARTICULAR PURPOSE ARE
ARM GAS  /var/folders/rp/ngf19lg10dnfsn5m36jgzt1w0000gn/T//ccCHp9jg.s 			page 2


  32:Drivers/STM32F0xx_HAL_Driver/Src/stm32f0xx_hal_pwr_ex.c ****   * DISCLAIMED. IN NO EVENT SHALL THE COPYRIGHT HOLDER OR CONTRIBUTORS BE LIABLE
  33:Drivers/STM32F0xx_HAL_Driver/Src/stm32f0xx_hal_pwr_ex.c ****   * FOR ANY DIRECT, INDIRECT, INCIDENTAL, SPECIAL, EXEMPLARY, OR CONSEQUENTIAL
  34:Drivers/STM32F0xx_HAL_Driver/Src/stm32f0xx_hal_pwr_ex.c ****   * DAMAGES (INCLUDING, BUT NOT LIMITED TO, PROCUREMENT OF SUBSTITUTE GOODS OR
  35:Drivers/STM32F0xx_HAL_Driver/Src/stm32f0xx_hal_pwr_ex.c ****   * SERVICES; LOSS OF USE, DATA, OR PROFITS; OR BUSINESS INTERRUPTION) HOWEVER
  36:Drivers/STM32F0xx_HAL_Driver/Src/stm32f0xx_hal_pwr_ex.c ****   * CAUSED AND ON ANY THEORY OF LIABILITY, WHETHER IN CONTRACT, STRICT LIABILITY,
  37:Drivers/STM32F0xx_HAL_Driver/Src/stm32f0xx_hal_pwr_ex.c ****   * OR TORT (INCLUDING NEGLIGENCE OR OTHERWISE) ARISING IN ANY WAY OUT OF THE USE
  38:Drivers/STM32F0xx_HAL_Driver/Src/stm32f0xx_hal_pwr_ex.c ****   * OF THIS SOFTWARE, EVEN IF ADVISED OF THE POSSIBILITY OF SUCH DAMAGE.
  39:Drivers/STM32F0xx_HAL_Driver/Src/stm32f0xx_hal_pwr_ex.c ****   *
  40:Drivers/STM32F0xx_HAL_Driver/Src/stm32f0xx_hal_pwr_ex.c ****   ******************************************************************************  
  41:Drivers/STM32F0xx_HAL_Driver/Src/stm32f0xx_hal_pwr_ex.c ****   */
  42:Drivers/STM32F0xx_HAL_Driver/Src/stm32f0xx_hal_pwr_ex.c **** 
  43:Drivers/STM32F0xx_HAL_Driver/Src/stm32f0xx_hal_pwr_ex.c **** /* Includes ------------------------------------------------------------------*/
  44:Drivers/STM32F0xx_HAL_Driver/Src/stm32f0xx_hal_pwr_ex.c **** #include "stm32f0xx_hal.h"
  45:Drivers/STM32F0xx_HAL_Driver/Src/stm32f0xx_hal_pwr_ex.c **** 
  46:Drivers/STM32F0xx_HAL_Driver/Src/stm32f0xx_hal_pwr_ex.c **** /** @addtogroup STM32F0xx_HAL_Driver
  47:Drivers/STM32F0xx_HAL_Driver/Src/stm32f0xx_hal_pwr_ex.c ****   * @{
  48:Drivers/STM32F0xx_HAL_Driver/Src/stm32f0xx_hal_pwr_ex.c ****   */
  49:Drivers/STM32F0xx_HAL_Driver/Src/stm32f0xx_hal_pwr_ex.c **** 
  50:Drivers/STM32F0xx_HAL_Driver/Src/stm32f0xx_hal_pwr_ex.c **** /** @defgroup PWREx PWREx
  51:Drivers/STM32F0xx_HAL_Driver/Src/stm32f0xx_hal_pwr_ex.c ****   * @brief    PWREx HAL module driver
  52:Drivers/STM32F0xx_HAL_Driver/Src/stm32f0xx_hal_pwr_ex.c ****   * @{
  53:Drivers/STM32F0xx_HAL_Driver/Src/stm32f0xx_hal_pwr_ex.c ****   */
  54:Drivers/STM32F0xx_HAL_Driver/Src/stm32f0xx_hal_pwr_ex.c **** 
  55:Drivers/STM32F0xx_HAL_Driver/Src/stm32f0xx_hal_pwr_ex.c **** #ifdef HAL_PWR_MODULE_ENABLED
  56:Drivers/STM32F0xx_HAL_Driver/Src/stm32f0xx_hal_pwr_ex.c **** 
  57:Drivers/STM32F0xx_HAL_Driver/Src/stm32f0xx_hal_pwr_ex.c **** /* Private typedef -----------------------------------------------------------*/
  58:Drivers/STM32F0xx_HAL_Driver/Src/stm32f0xx_hal_pwr_ex.c **** /* Private define ------------------------------------------------------------*/
  59:Drivers/STM32F0xx_HAL_Driver/Src/stm32f0xx_hal_pwr_ex.c **** /** @defgroup PWREx_Private_Constants PWREx Private Constants
  60:Drivers/STM32F0xx_HAL_Driver/Src/stm32f0xx_hal_pwr_ex.c ****   * @{
  61:Drivers/STM32F0xx_HAL_Driver/Src/stm32f0xx_hal_pwr_ex.c ****   */
  62:Drivers/STM32F0xx_HAL_Driver/Src/stm32f0xx_hal_pwr_ex.c **** #define PVD_MODE_IT               ((uint32_t)0x00010000)
  63:Drivers/STM32F0xx_HAL_Driver/Src/stm32f0xx_hal_pwr_ex.c **** #define PVD_MODE_EVT              ((uint32_t)0x00020000)
  64:Drivers/STM32F0xx_HAL_Driver/Src/stm32f0xx_hal_pwr_ex.c **** #define PVD_RISING_EDGE           ((uint32_t)0x00000001)
  65:Drivers/STM32F0xx_HAL_Driver/Src/stm32f0xx_hal_pwr_ex.c **** #define PVD_FALLING_EDGE          ((uint32_t)0x00000002)
  66:Drivers/STM32F0xx_HAL_Driver/Src/stm32f0xx_hal_pwr_ex.c **** /**
  67:Drivers/STM32F0xx_HAL_Driver/Src/stm32f0xx_hal_pwr_ex.c ****   * @}
  68:Drivers/STM32F0xx_HAL_Driver/Src/stm32f0xx_hal_pwr_ex.c ****   */
  69:Drivers/STM32F0xx_HAL_Driver/Src/stm32f0xx_hal_pwr_ex.c ****  
  70:Drivers/STM32F0xx_HAL_Driver/Src/stm32f0xx_hal_pwr_ex.c **** /* Private macro -------------------------------------------------------------*/
  71:Drivers/STM32F0xx_HAL_Driver/Src/stm32f0xx_hal_pwr_ex.c **** /* Private variables ---------------------------------------------------------*/
  72:Drivers/STM32F0xx_HAL_Driver/Src/stm32f0xx_hal_pwr_ex.c **** /* Private function prototypes -----------------------------------------------*/
  73:Drivers/STM32F0xx_HAL_Driver/Src/stm32f0xx_hal_pwr_ex.c **** /* Exported functions ---------------------------------------------------------*/
  74:Drivers/STM32F0xx_HAL_Driver/Src/stm32f0xx_hal_pwr_ex.c **** 
  75:Drivers/STM32F0xx_HAL_Driver/Src/stm32f0xx_hal_pwr_ex.c **** /** @defgroup PWREx_Exported_Functions PWREx Exported Functions
  76:Drivers/STM32F0xx_HAL_Driver/Src/stm32f0xx_hal_pwr_ex.c ****   * @{
  77:Drivers/STM32F0xx_HAL_Driver/Src/stm32f0xx_hal_pwr_ex.c ****   */
  78:Drivers/STM32F0xx_HAL_Driver/Src/stm32f0xx_hal_pwr_ex.c **** 
  79:Drivers/STM32F0xx_HAL_Driver/Src/stm32f0xx_hal_pwr_ex.c **** /** @defgroup PWREx_Exported_Functions_Group1 Peripheral Extended Control Functions
  80:Drivers/STM32F0xx_HAL_Driver/Src/stm32f0xx_hal_pwr_ex.c ****   *  @brief   Extended Peripheral Control functions
  81:Drivers/STM32F0xx_HAL_Driver/Src/stm32f0xx_hal_pwr_ex.c ****   *
  82:Drivers/STM32F0xx_HAL_Driver/Src/stm32f0xx_hal_pwr_ex.c **** @verbatim
  83:Drivers/STM32F0xx_HAL_Driver/Src/stm32f0xx_hal_pwr_ex.c **** 
  84:Drivers/STM32F0xx_HAL_Driver/Src/stm32f0xx_hal_pwr_ex.c ****  ===============================================================================
  85:Drivers/STM32F0xx_HAL_Driver/Src/stm32f0xx_hal_pwr_ex.c ****                  ##### Peripheral extended control functions #####
  86:Drivers/STM32F0xx_HAL_Driver/Src/stm32f0xx_hal_pwr_ex.c ****  ===============================================================================
  87:Drivers/STM32F0xx_HAL_Driver/Src/stm32f0xx_hal_pwr_ex.c ****     
  88:Drivers/STM32F0xx_HAL_Driver/Src/stm32f0xx_hal_pwr_ex.c ****     *** PVD configuration ***
ARM GAS  /var/folders/rp/ngf19lg10dnfsn5m36jgzt1w0000gn/T//ccCHp9jg.s 			page 3


  89:Drivers/STM32F0xx_HAL_Driver/Src/stm32f0xx_hal_pwr_ex.c ****     =========================
  90:Drivers/STM32F0xx_HAL_Driver/Src/stm32f0xx_hal_pwr_ex.c ****     [..]
  91:Drivers/STM32F0xx_HAL_Driver/Src/stm32f0xx_hal_pwr_ex.c ****       (+) The PVD is used to monitor the VDD power supply by comparing it to a
  92:Drivers/STM32F0xx_HAL_Driver/Src/stm32f0xx_hal_pwr_ex.c ****           threshold selected by the PVD Level (PLS[2:0] bits in the PWR_CR).
  93:Drivers/STM32F0xx_HAL_Driver/Src/stm32f0xx_hal_pwr_ex.c ****       (+) A PVDO flag is available to indicate if VDD/VDDA is higher or lower
  94:Drivers/STM32F0xx_HAL_Driver/Src/stm32f0xx_hal_pwr_ex.c ****           than the PVD threshold. This event is internally connected to the EXTI
  95:Drivers/STM32F0xx_HAL_Driver/Src/stm32f0xx_hal_pwr_ex.c ****           line16 and can generate an interrupt if enabled. This is done through
  96:Drivers/STM32F0xx_HAL_Driver/Src/stm32f0xx_hal_pwr_ex.c ****           HAL_PWR_ConfigPVD(), HAL_PWR_EnablePVD() functions.
  97:Drivers/STM32F0xx_HAL_Driver/Src/stm32f0xx_hal_pwr_ex.c ****       (+) The PVD is stopped in Standby mode.
  98:Drivers/STM32F0xx_HAL_Driver/Src/stm32f0xx_hal_pwr_ex.c ****       -@- PVD is not available on STM32F030x4/x6/x8
  99:Drivers/STM32F0xx_HAL_Driver/Src/stm32f0xx_hal_pwr_ex.c **** 
 100:Drivers/STM32F0xx_HAL_Driver/Src/stm32f0xx_hal_pwr_ex.c ****     *** VDDIO2 Monitor Configuration ***
 101:Drivers/STM32F0xx_HAL_Driver/Src/stm32f0xx_hal_pwr_ex.c ****     ====================================
 102:Drivers/STM32F0xx_HAL_Driver/Src/stm32f0xx_hal_pwr_ex.c ****     [..]
 103:Drivers/STM32F0xx_HAL_Driver/Src/stm32f0xx_hal_pwr_ex.c ****       (+) VDDIO2 monitor is used to monitor the VDDIO2 power supply by comparing it 
 104:Drivers/STM32F0xx_HAL_Driver/Src/stm32f0xx_hal_pwr_ex.c ****           to VREFInt Voltage
 105:Drivers/STM32F0xx_HAL_Driver/Src/stm32f0xx_hal_pwr_ex.c ****       (+) This monitor is internally connected to the EXTI line31
 106:Drivers/STM32F0xx_HAL_Driver/Src/stm32f0xx_hal_pwr_ex.c ****           and can generate an interrupt if enabled. This is done through
 107:Drivers/STM32F0xx_HAL_Driver/Src/stm32f0xx_hal_pwr_ex.c ****           HAL_PWREx_EnableVddio2Monitor() function.
 108:Drivers/STM32F0xx_HAL_Driver/Src/stm32f0xx_hal_pwr_ex.c ****       -@- VDDIO2 is available on STM32F07x/09x/04x
 109:Drivers/STM32F0xx_HAL_Driver/Src/stm32f0xx_hal_pwr_ex.c ****                     
 110:Drivers/STM32F0xx_HAL_Driver/Src/stm32f0xx_hal_pwr_ex.c **** @endverbatim
 111:Drivers/STM32F0xx_HAL_Driver/Src/stm32f0xx_hal_pwr_ex.c ****   * @{
 112:Drivers/STM32F0xx_HAL_Driver/Src/stm32f0xx_hal_pwr_ex.c ****   */
 113:Drivers/STM32F0xx_HAL_Driver/Src/stm32f0xx_hal_pwr_ex.c **** 
 114:Drivers/STM32F0xx_HAL_Driver/Src/stm32f0xx_hal_pwr_ex.c **** #if defined (STM32F031x6) || defined (STM32F051x8) || \
 115:Drivers/STM32F0xx_HAL_Driver/Src/stm32f0xx_hal_pwr_ex.c ****     defined (STM32F071xB) || defined (STM32F091xC) || \
 116:Drivers/STM32F0xx_HAL_Driver/Src/stm32f0xx_hal_pwr_ex.c ****     defined (STM32F042x6) || defined (STM32F072xB)
 117:Drivers/STM32F0xx_HAL_Driver/Src/stm32f0xx_hal_pwr_ex.c **** /**
 118:Drivers/STM32F0xx_HAL_Driver/Src/stm32f0xx_hal_pwr_ex.c ****   * @brief Configures the voltage threshold detected by the Power Voltage Detector(PVD).
 119:Drivers/STM32F0xx_HAL_Driver/Src/stm32f0xx_hal_pwr_ex.c ****   * @param sConfigPVD: pointer to an PWR_PVDTypeDef structure that contains the configuration
 120:Drivers/STM32F0xx_HAL_Driver/Src/stm32f0xx_hal_pwr_ex.c ****   *        information for the PVD.
 121:Drivers/STM32F0xx_HAL_Driver/Src/stm32f0xx_hal_pwr_ex.c ****   * @note Refer to the electrical characteristics of your device datasheet for
 122:Drivers/STM32F0xx_HAL_Driver/Src/stm32f0xx_hal_pwr_ex.c ****   *         more details about the voltage threshold corresponding to each
 123:Drivers/STM32F0xx_HAL_Driver/Src/stm32f0xx_hal_pwr_ex.c ****   *         detection level.
 124:Drivers/STM32F0xx_HAL_Driver/Src/stm32f0xx_hal_pwr_ex.c ****   * @retval None
 125:Drivers/STM32F0xx_HAL_Driver/Src/stm32f0xx_hal_pwr_ex.c ****   */
 126:Drivers/STM32F0xx_HAL_Driver/Src/stm32f0xx_hal_pwr_ex.c **** void HAL_PWR_ConfigPVD(PWR_PVDTypeDef *sConfigPVD)
 127:Drivers/STM32F0xx_HAL_Driver/Src/stm32f0xx_hal_pwr_ex.c **** {
  28              		.loc 1 127 1 view -0
  29              		.cfi_startproc
  30              		@ args = 0, pretend = 0, frame = 0
  31              		@ frame_needed = 0, uses_anonymous_args = 0
  32              		@ link register save eliminated.
 128:Drivers/STM32F0xx_HAL_Driver/Src/stm32f0xx_hal_pwr_ex.c ****   /* Check the parameters */
 129:Drivers/STM32F0xx_HAL_Driver/Src/stm32f0xx_hal_pwr_ex.c ****   assert_param(IS_PWR_PVD_LEVEL(sConfigPVD->PVDLevel));
  33              		.loc 1 129 3 view .LVU1
 130:Drivers/STM32F0xx_HAL_Driver/Src/stm32f0xx_hal_pwr_ex.c ****   assert_param(IS_PWR_PVD_MODE(sConfigPVD->Mode));
  34              		.loc 1 130 3 view .LVU2
 131:Drivers/STM32F0xx_HAL_Driver/Src/stm32f0xx_hal_pwr_ex.c **** 
 132:Drivers/STM32F0xx_HAL_Driver/Src/stm32f0xx_hal_pwr_ex.c ****   /* Set PLS[7:5] bits according to PVDLevel value */
 133:Drivers/STM32F0xx_HAL_Driver/Src/stm32f0xx_hal_pwr_ex.c ****   MODIFY_REG(PWR->CR, PWR_CR_PLS, sConfigPVD->PVDLevel);
  35              		.loc 1 133 3 view .LVU3
  36 0000 1C4A     		ldr	r2, .L6
  37 0002 1368     		ldr	r3, [r2]
  38 0004 E021     		movs	r1, #224
  39 0006 8B43     		bics	r3, r1
ARM GAS  /var/folders/rp/ngf19lg10dnfsn5m36jgzt1w0000gn/T//ccCHp9jg.s 			page 4


  40 0008 0168     		ldr	r1, [r0]
  41 000a 0B43     		orrs	r3, r1
  42 000c 1360     		str	r3, [r2]
 134:Drivers/STM32F0xx_HAL_Driver/Src/stm32f0xx_hal_pwr_ex.c ****   
 135:Drivers/STM32F0xx_HAL_Driver/Src/stm32f0xx_hal_pwr_ex.c ****   /* Clear any previous config. Keep it clear if no event or IT mode is selected */
 136:Drivers/STM32F0xx_HAL_Driver/Src/stm32f0xx_hal_pwr_ex.c ****   __HAL_PWR_PVD_EXTI_DISABLE_EVENT();
  43              		.loc 1 136 3 view .LVU4
  44 000e 1A4B     		ldr	r3, .L6+4
  45 0010 5968     		ldr	r1, [r3, #4]
  46 0012 1A4A     		ldr	r2, .L6+8
  47 0014 1140     		ands	r1, r2
  48 0016 5960     		str	r1, [r3, #4]
 137:Drivers/STM32F0xx_HAL_Driver/Src/stm32f0xx_hal_pwr_ex.c ****   __HAL_PWR_PVD_EXTI_DISABLE_IT();
  49              		.loc 1 137 3 view .LVU5
  50 0018 1968     		ldr	r1, [r3]
  51 001a 1140     		ands	r1, r2
  52 001c 1960     		str	r1, [r3]
 138:Drivers/STM32F0xx_HAL_Driver/Src/stm32f0xx_hal_pwr_ex.c ****   __HAL_PWR_PVD_EXTI_DISABLE_RISING_EDGE();__HAL_PWR_PVD_EXTI_DISABLE_FALLING_EDGE();
  53              		.loc 1 138 3 view .LVU6
  54 001e 9968     		ldr	r1, [r3, #8]
  55 0020 1140     		ands	r1, r2
  56 0022 9960     		str	r1, [r3, #8]
  57              		.loc 1 138 44 view .LVU7
  58 0024 D968     		ldr	r1, [r3, #12]
  59 0026 0A40     		ands	r2, r1
  60 0028 DA60     		str	r2, [r3, #12]
 139:Drivers/STM32F0xx_HAL_Driver/Src/stm32f0xx_hal_pwr_ex.c **** 
 140:Drivers/STM32F0xx_HAL_Driver/Src/stm32f0xx_hal_pwr_ex.c ****   /* Configure interrupt mode */
 141:Drivers/STM32F0xx_HAL_Driver/Src/stm32f0xx_hal_pwr_ex.c ****   if((sConfigPVD->Mode & PVD_MODE_IT) == PVD_MODE_IT)
  61              		.loc 1 141 3 view .LVU8
  62              		.loc 1 141 5 is_stmt 0 view .LVU9
  63 002a 4368     		ldr	r3, [r0, #4]
  64 002c DB03     		lsls	r3, r3, #15
  65 002e 05D5     		bpl	.L2
 142:Drivers/STM32F0xx_HAL_Driver/Src/stm32f0xx_hal_pwr_ex.c ****   {
 143:Drivers/STM32F0xx_HAL_Driver/Src/stm32f0xx_hal_pwr_ex.c ****     __HAL_PWR_PVD_EXTI_ENABLE_IT();
  66              		.loc 1 143 5 is_stmt 1 view .LVU10
  67 0030 114A     		ldr	r2, .L6+4
  68 0032 1168     		ldr	r1, [r2]
  69 0034 8023     		movs	r3, #128
  70 0036 5B02     		lsls	r3, r3, #9
  71 0038 0B43     		orrs	r3, r1
  72 003a 1360     		str	r3, [r2]
  73              	.L2:
 144:Drivers/STM32F0xx_HAL_Driver/Src/stm32f0xx_hal_pwr_ex.c ****   }
 145:Drivers/STM32F0xx_HAL_Driver/Src/stm32f0xx_hal_pwr_ex.c ****   
 146:Drivers/STM32F0xx_HAL_Driver/Src/stm32f0xx_hal_pwr_ex.c ****   /* Configure event mode */
 147:Drivers/STM32F0xx_HAL_Driver/Src/stm32f0xx_hal_pwr_ex.c ****   if((sConfigPVD->Mode & PVD_MODE_EVT) == PVD_MODE_EVT)
  74              		.loc 1 147 3 view .LVU11
  75              		.loc 1 147 5 is_stmt 0 view .LVU12
  76 003c 4368     		ldr	r3, [r0, #4]
  77 003e 9B03     		lsls	r3, r3, #14
  78 0040 05D5     		bpl	.L3
 148:Drivers/STM32F0xx_HAL_Driver/Src/stm32f0xx_hal_pwr_ex.c ****   {
 149:Drivers/STM32F0xx_HAL_Driver/Src/stm32f0xx_hal_pwr_ex.c ****     __HAL_PWR_PVD_EXTI_ENABLE_EVENT();
  79              		.loc 1 149 5 is_stmt 1 view .LVU13
  80 0042 0D4A     		ldr	r2, .L6+4
ARM GAS  /var/folders/rp/ngf19lg10dnfsn5m36jgzt1w0000gn/T//ccCHp9jg.s 			page 5


  81 0044 5168     		ldr	r1, [r2, #4]
  82 0046 8023     		movs	r3, #128
  83 0048 5B02     		lsls	r3, r3, #9
  84 004a 0B43     		orrs	r3, r1
  85 004c 5360     		str	r3, [r2, #4]
  86              	.L3:
 150:Drivers/STM32F0xx_HAL_Driver/Src/stm32f0xx_hal_pwr_ex.c ****   }
 151:Drivers/STM32F0xx_HAL_Driver/Src/stm32f0xx_hal_pwr_ex.c ****   
 152:Drivers/STM32F0xx_HAL_Driver/Src/stm32f0xx_hal_pwr_ex.c ****   /* Configure the edge */
 153:Drivers/STM32F0xx_HAL_Driver/Src/stm32f0xx_hal_pwr_ex.c ****   if((sConfigPVD->Mode & PVD_RISING_EDGE) == PVD_RISING_EDGE)
  87              		.loc 1 153 3 view .LVU14
  88              		.loc 1 153 5 is_stmt 0 view .LVU15
  89 004e 4368     		ldr	r3, [r0, #4]
  90 0050 DB07     		lsls	r3, r3, #31
  91 0052 05D5     		bpl	.L4
 154:Drivers/STM32F0xx_HAL_Driver/Src/stm32f0xx_hal_pwr_ex.c ****   {
 155:Drivers/STM32F0xx_HAL_Driver/Src/stm32f0xx_hal_pwr_ex.c ****     __HAL_PWR_PVD_EXTI_ENABLE_RISING_EDGE();
  92              		.loc 1 155 5 is_stmt 1 view .LVU16
  93 0054 084A     		ldr	r2, .L6+4
  94 0056 9168     		ldr	r1, [r2, #8]
  95 0058 8023     		movs	r3, #128
  96 005a 5B02     		lsls	r3, r3, #9
  97 005c 0B43     		orrs	r3, r1
  98 005e 9360     		str	r3, [r2, #8]
  99              	.L4:
 156:Drivers/STM32F0xx_HAL_Driver/Src/stm32f0xx_hal_pwr_ex.c ****   }
 157:Drivers/STM32F0xx_HAL_Driver/Src/stm32f0xx_hal_pwr_ex.c ****   
 158:Drivers/STM32F0xx_HAL_Driver/Src/stm32f0xx_hal_pwr_ex.c ****   if((sConfigPVD->Mode & PVD_FALLING_EDGE) == PVD_FALLING_EDGE)
 100              		.loc 1 158 3 view .LVU17
 101              		.loc 1 158 17 is_stmt 0 view .LVU18
 102 0060 4368     		ldr	r3, [r0, #4]
 103              		.loc 1 158 5 view .LVU19
 104 0062 9B07     		lsls	r3, r3, #30
 105 0064 05D5     		bpl	.L1
 159:Drivers/STM32F0xx_HAL_Driver/Src/stm32f0xx_hal_pwr_ex.c ****   {
 160:Drivers/STM32F0xx_HAL_Driver/Src/stm32f0xx_hal_pwr_ex.c ****     __HAL_PWR_PVD_EXTI_ENABLE_FALLING_EDGE();
 106              		.loc 1 160 5 is_stmt 1 view .LVU20
 107 0066 044A     		ldr	r2, .L6+4
 108 0068 D168     		ldr	r1, [r2, #12]
 109 006a 8023     		movs	r3, #128
 110 006c 5B02     		lsls	r3, r3, #9
 111 006e 0B43     		orrs	r3, r1
 112 0070 D360     		str	r3, [r2, #12]
 113              	.L1:
 161:Drivers/STM32F0xx_HAL_Driver/Src/stm32f0xx_hal_pwr_ex.c ****   }
 162:Drivers/STM32F0xx_HAL_Driver/Src/stm32f0xx_hal_pwr_ex.c **** }
 114              		.loc 1 162 1 is_stmt 0 view .LVU21
 115              		@ sp needed
 116 0072 7047     		bx	lr
 117              	.L7:
 118              		.align	2
 119              	.L6:
 120 0074 00700040 		.word	1073770496
 121 0078 00040140 		.word	1073808384
 122 007c FFFFFEFF 		.word	-65537
 123              		.cfi_endproc
 124              	.LFE37:
ARM GAS  /var/folders/rp/ngf19lg10dnfsn5m36jgzt1w0000gn/T//ccCHp9jg.s 			page 6


 126              		.section	.text.HAL_PWR_EnablePVD,"ax",%progbits
 127              		.align	1
 128              		.global	HAL_PWR_EnablePVD
 129              		.syntax unified
 130              		.code	16
 131              		.thumb_func
 132              		.fpu softvfp
 134              	HAL_PWR_EnablePVD:
 135              	.LFB38:
 163:Drivers/STM32F0xx_HAL_Driver/Src/stm32f0xx_hal_pwr_ex.c **** 
 164:Drivers/STM32F0xx_HAL_Driver/Src/stm32f0xx_hal_pwr_ex.c **** /**
 165:Drivers/STM32F0xx_HAL_Driver/Src/stm32f0xx_hal_pwr_ex.c ****   * @brief Enables the Power Voltage Detector(PVD).
 166:Drivers/STM32F0xx_HAL_Driver/Src/stm32f0xx_hal_pwr_ex.c ****   * @retval None
 167:Drivers/STM32F0xx_HAL_Driver/Src/stm32f0xx_hal_pwr_ex.c ****   */
 168:Drivers/STM32F0xx_HAL_Driver/Src/stm32f0xx_hal_pwr_ex.c **** void HAL_PWR_EnablePVD(void)
 169:Drivers/STM32F0xx_HAL_Driver/Src/stm32f0xx_hal_pwr_ex.c **** {
 136              		.loc 1 169 1 is_stmt 1 view -0
 137              		.cfi_startproc
 138              		@ args = 0, pretend = 0, frame = 0
 139              		@ frame_needed = 0, uses_anonymous_args = 0
 140              		@ link register save eliminated.
 170:Drivers/STM32F0xx_HAL_Driver/Src/stm32f0xx_hal_pwr_ex.c ****   PWR->CR |= (uint32_t)PWR_CR_PVDE;
 141              		.loc 1 170 3 view .LVU23
 142              		.loc 1 170 11 is_stmt 0 view .LVU24
 143 0000 024A     		ldr	r2, .L9
 144 0002 1368     		ldr	r3, [r2]
 145 0004 1021     		movs	r1, #16
 146 0006 0B43     		orrs	r3, r1
 147 0008 1360     		str	r3, [r2]
 171:Drivers/STM32F0xx_HAL_Driver/Src/stm32f0xx_hal_pwr_ex.c **** }
 148              		.loc 1 171 1 view .LVU25
 149              		@ sp needed
 150 000a 7047     		bx	lr
 151              	.L10:
 152              		.align	2
 153              	.L9:
 154 000c 00700040 		.word	1073770496
 155              		.cfi_endproc
 156              	.LFE38:
 158              		.section	.text.HAL_PWR_DisablePVD,"ax",%progbits
 159              		.align	1
 160              		.global	HAL_PWR_DisablePVD
 161              		.syntax unified
 162              		.code	16
 163              		.thumb_func
 164              		.fpu softvfp
 166              	HAL_PWR_DisablePVD:
 167              	.LFB39:
 172:Drivers/STM32F0xx_HAL_Driver/Src/stm32f0xx_hal_pwr_ex.c **** 
 173:Drivers/STM32F0xx_HAL_Driver/Src/stm32f0xx_hal_pwr_ex.c **** /**
 174:Drivers/STM32F0xx_HAL_Driver/Src/stm32f0xx_hal_pwr_ex.c ****   * @brief Disables the Power Voltage Detector(PVD).
 175:Drivers/STM32F0xx_HAL_Driver/Src/stm32f0xx_hal_pwr_ex.c ****   * @retval None
 176:Drivers/STM32F0xx_HAL_Driver/Src/stm32f0xx_hal_pwr_ex.c ****   */
 177:Drivers/STM32F0xx_HAL_Driver/Src/stm32f0xx_hal_pwr_ex.c **** void HAL_PWR_DisablePVD(void)
 178:Drivers/STM32F0xx_HAL_Driver/Src/stm32f0xx_hal_pwr_ex.c **** {
 168              		.loc 1 178 1 is_stmt 1 view -0
 169              		.cfi_startproc
ARM GAS  /var/folders/rp/ngf19lg10dnfsn5m36jgzt1w0000gn/T//ccCHp9jg.s 			page 7


 170              		@ args = 0, pretend = 0, frame = 0
 171              		@ frame_needed = 0, uses_anonymous_args = 0
 172              		@ link register save eliminated.
 179:Drivers/STM32F0xx_HAL_Driver/Src/stm32f0xx_hal_pwr_ex.c ****   PWR->CR &= ~((uint32_t)PWR_CR_PVDE);
 173              		.loc 1 179 3 view .LVU27
 174              		.loc 1 179 11 is_stmt 0 view .LVU28
 175 0000 024A     		ldr	r2, .L12
 176 0002 1368     		ldr	r3, [r2]
 177 0004 1021     		movs	r1, #16
 178 0006 8B43     		bics	r3, r1
 179 0008 1360     		str	r3, [r2]
 180:Drivers/STM32F0xx_HAL_Driver/Src/stm32f0xx_hal_pwr_ex.c **** }
 180              		.loc 1 180 1 view .LVU29
 181              		@ sp needed
 182 000a 7047     		bx	lr
 183              	.L13:
 184              		.align	2
 185              	.L12:
 186 000c 00700040 		.word	1073770496
 187              		.cfi_endproc
 188              	.LFE39:
 190              		.section	.text.HAL_PWR_PVDCallback,"ax",%progbits
 191              		.align	1
 192              		.weak	HAL_PWR_PVDCallback
 193              		.syntax unified
 194              		.code	16
 195              		.thumb_func
 196              		.fpu softvfp
 198              	HAL_PWR_PVDCallback:
 199              	.LFB41:
 181:Drivers/STM32F0xx_HAL_Driver/Src/stm32f0xx_hal_pwr_ex.c **** 
 182:Drivers/STM32F0xx_HAL_Driver/Src/stm32f0xx_hal_pwr_ex.c **** /**
 183:Drivers/STM32F0xx_HAL_Driver/Src/stm32f0xx_hal_pwr_ex.c ****   * @brief This function handles the PWR PVD interrupt request.
 184:Drivers/STM32F0xx_HAL_Driver/Src/stm32f0xx_hal_pwr_ex.c ****   * @note This API should be called under the  PVD_IRQHandler() or PVD_VDDIO2_IRQHandler().
 185:Drivers/STM32F0xx_HAL_Driver/Src/stm32f0xx_hal_pwr_ex.c ****   * @retval None
 186:Drivers/STM32F0xx_HAL_Driver/Src/stm32f0xx_hal_pwr_ex.c ****   */
 187:Drivers/STM32F0xx_HAL_Driver/Src/stm32f0xx_hal_pwr_ex.c **** void HAL_PWR_PVD_IRQHandler(void)
 188:Drivers/STM32F0xx_HAL_Driver/Src/stm32f0xx_hal_pwr_ex.c **** {
 189:Drivers/STM32F0xx_HAL_Driver/Src/stm32f0xx_hal_pwr_ex.c ****   /* Check PWR exti flag */
 190:Drivers/STM32F0xx_HAL_Driver/Src/stm32f0xx_hal_pwr_ex.c ****   if(__HAL_PWR_PVD_EXTI_GET_FLAG() != RESET)
 191:Drivers/STM32F0xx_HAL_Driver/Src/stm32f0xx_hal_pwr_ex.c ****   {
 192:Drivers/STM32F0xx_HAL_Driver/Src/stm32f0xx_hal_pwr_ex.c ****     /* PWR PVD interrupt user callback */
 193:Drivers/STM32F0xx_HAL_Driver/Src/stm32f0xx_hal_pwr_ex.c ****     HAL_PWR_PVDCallback();
 194:Drivers/STM32F0xx_HAL_Driver/Src/stm32f0xx_hal_pwr_ex.c **** 
 195:Drivers/STM32F0xx_HAL_Driver/Src/stm32f0xx_hal_pwr_ex.c ****     /* Clear PWR Exti pending bit */
 196:Drivers/STM32F0xx_HAL_Driver/Src/stm32f0xx_hal_pwr_ex.c ****     __HAL_PWR_PVD_EXTI_CLEAR_FLAG();
 197:Drivers/STM32F0xx_HAL_Driver/Src/stm32f0xx_hal_pwr_ex.c ****   }
 198:Drivers/STM32F0xx_HAL_Driver/Src/stm32f0xx_hal_pwr_ex.c **** }
 199:Drivers/STM32F0xx_HAL_Driver/Src/stm32f0xx_hal_pwr_ex.c **** 
 200:Drivers/STM32F0xx_HAL_Driver/Src/stm32f0xx_hal_pwr_ex.c **** /**
 201:Drivers/STM32F0xx_HAL_Driver/Src/stm32f0xx_hal_pwr_ex.c ****   * @brief PWR PVD interrupt callback
 202:Drivers/STM32F0xx_HAL_Driver/Src/stm32f0xx_hal_pwr_ex.c ****   * @retval None
 203:Drivers/STM32F0xx_HAL_Driver/Src/stm32f0xx_hal_pwr_ex.c ****   */
 204:Drivers/STM32F0xx_HAL_Driver/Src/stm32f0xx_hal_pwr_ex.c **** __weak void HAL_PWR_PVDCallback(void)
 205:Drivers/STM32F0xx_HAL_Driver/Src/stm32f0xx_hal_pwr_ex.c **** {
 200              		.loc 1 205 1 is_stmt 1 view -0
 201              		.cfi_startproc
ARM GAS  /var/folders/rp/ngf19lg10dnfsn5m36jgzt1w0000gn/T//ccCHp9jg.s 			page 8


 202              		@ args = 0, pretend = 0, frame = 0
 203              		@ frame_needed = 0, uses_anonymous_args = 0
 204              		@ link register save eliminated.
 206:Drivers/STM32F0xx_HAL_Driver/Src/stm32f0xx_hal_pwr_ex.c ****   /* NOTE : This function Should not be modified, when the callback is needed,
 207:Drivers/STM32F0xx_HAL_Driver/Src/stm32f0xx_hal_pwr_ex.c ****             the HAL_PWR_PVDCallback could be implemented in the user file
 208:Drivers/STM32F0xx_HAL_Driver/Src/stm32f0xx_hal_pwr_ex.c ****    */
 209:Drivers/STM32F0xx_HAL_Driver/Src/stm32f0xx_hal_pwr_ex.c **** }
 205              		.loc 1 209 1 view .LVU31
 206              		@ sp needed
 207 0000 7047     		bx	lr
 208              		.cfi_endproc
 209              	.LFE41:
 211              		.section	.text.HAL_PWR_PVD_IRQHandler,"ax",%progbits
 212              		.align	1
 213              		.global	HAL_PWR_PVD_IRQHandler
 214              		.syntax unified
 215              		.code	16
 216              		.thumb_func
 217              		.fpu softvfp
 219              	HAL_PWR_PVD_IRQHandler:
 220              	.LFB40:
 188:Drivers/STM32F0xx_HAL_Driver/Src/stm32f0xx_hal_pwr_ex.c ****   /* Check PWR exti flag */
 221              		.loc 1 188 1 view -0
 222              		.cfi_startproc
 223              		@ args = 0, pretend = 0, frame = 0
 224              		@ frame_needed = 0, uses_anonymous_args = 0
 225 0000 10B5     		push	{r4, lr}
 226              	.LCFI0:
 227              		.cfi_def_cfa_offset 8
 228              		.cfi_offset 4, -8
 229              		.cfi_offset 14, -4
 190:Drivers/STM32F0xx_HAL_Driver/Src/stm32f0xx_hal_pwr_ex.c ****   {
 230              		.loc 1 190 3 view .LVU33
 190:Drivers/STM32F0xx_HAL_Driver/Src/stm32f0xx_hal_pwr_ex.c ****   {
 231              		.loc 1 190 6 is_stmt 0 view .LVU34
 232 0002 064B     		ldr	r3, .L18
 233 0004 5B69     		ldr	r3, [r3, #20]
 190:Drivers/STM32F0xx_HAL_Driver/Src/stm32f0xx_hal_pwr_ex.c ****   {
 234              		.loc 1 190 5 view .LVU35
 235 0006 DB03     		lsls	r3, r3, #15
 236 0008 00D4     		bmi	.L17
 237              	.L15:
 198:Drivers/STM32F0xx_HAL_Driver/Src/stm32f0xx_hal_pwr_ex.c **** 
 238              		.loc 1 198 1 view .LVU36
 239              		@ sp needed
 240 000a 10BD     		pop	{r4, pc}
 241              	.L17:
 193:Drivers/STM32F0xx_HAL_Driver/Src/stm32f0xx_hal_pwr_ex.c **** 
 242              		.loc 1 193 5 is_stmt 1 view .LVU37
 243 000c FFF7FEFF 		bl	HAL_PWR_PVDCallback
 244              	.LVL1:
 196:Drivers/STM32F0xx_HAL_Driver/Src/stm32f0xx_hal_pwr_ex.c ****   }
 245              		.loc 1 196 5 view .LVU38
 246 0010 024B     		ldr	r3, .L18
 247 0012 8022     		movs	r2, #128
 248 0014 5202     		lsls	r2, r2, #9
 249 0016 5A61     		str	r2, [r3, #20]
ARM GAS  /var/folders/rp/ngf19lg10dnfsn5m36jgzt1w0000gn/T//ccCHp9jg.s 			page 9


 198:Drivers/STM32F0xx_HAL_Driver/Src/stm32f0xx_hal_pwr_ex.c **** 
 250              		.loc 1 198 1 is_stmt 0 view .LVU39
 251 0018 F7E7     		b	.L15
 252              	.L19:
 253 001a C046     		.align	2
 254              	.L18:
 255 001c 00040140 		.word	1073808384
 256              		.cfi_endproc
 257              	.LFE40:
 259              		.section	.text.HAL_PWREx_EnableVddio2Monitor,"ax",%progbits
 260              		.align	1
 261              		.global	HAL_PWREx_EnableVddio2Monitor
 262              		.syntax unified
 263              		.code	16
 264              		.thumb_func
 265              		.fpu softvfp
 267              	HAL_PWREx_EnableVddio2Monitor:
 268              	.LFB42:
 210:Drivers/STM32F0xx_HAL_Driver/Src/stm32f0xx_hal_pwr_ex.c **** 
 211:Drivers/STM32F0xx_HAL_Driver/Src/stm32f0xx_hal_pwr_ex.c **** #endif /* defined (STM32F031x6) || defined (STM32F051x8) || */
 212:Drivers/STM32F0xx_HAL_Driver/Src/stm32f0xx_hal_pwr_ex.c ****        /* defined (STM32F071xB) || defined (STM32F091xC) || */
 213:Drivers/STM32F0xx_HAL_Driver/Src/stm32f0xx_hal_pwr_ex.c ****        /* defined (STM32F042x6) || defined (STM32F072xB)    */
 214:Drivers/STM32F0xx_HAL_Driver/Src/stm32f0xx_hal_pwr_ex.c **** 
 215:Drivers/STM32F0xx_HAL_Driver/Src/stm32f0xx_hal_pwr_ex.c **** #if defined (STM32F042x6) || defined (STM32F048xx) || \
 216:Drivers/STM32F0xx_HAL_Driver/Src/stm32f0xx_hal_pwr_ex.c ****     defined (STM32F071xB) || defined (STM32F072xB) || defined (STM32F078xx) || \
 217:Drivers/STM32F0xx_HAL_Driver/Src/stm32f0xx_hal_pwr_ex.c ****     defined (STM32F091xC) || defined (STM32F098xx)
 218:Drivers/STM32F0xx_HAL_Driver/Src/stm32f0xx_hal_pwr_ex.c **** /**
 219:Drivers/STM32F0xx_HAL_Driver/Src/stm32f0xx_hal_pwr_ex.c ****   * @brief Enable VDDIO2 monitor: enable Exti 31 and falling edge detection.
 220:Drivers/STM32F0xx_HAL_Driver/Src/stm32f0xx_hal_pwr_ex.c ****   * @note If Exti 31 is enable correlty and VDDIO2 voltage goes below Vrefint,
 221:Drivers/STM32F0xx_HAL_Driver/Src/stm32f0xx_hal_pwr_ex.c ****           an interrupt is generated Irq line 1.
 222:Drivers/STM32F0xx_HAL_Driver/Src/stm32f0xx_hal_pwr_ex.c ****           NVIS has to be enable by user.
 223:Drivers/STM32F0xx_HAL_Driver/Src/stm32f0xx_hal_pwr_ex.c ****   * @retval None
 224:Drivers/STM32F0xx_HAL_Driver/Src/stm32f0xx_hal_pwr_ex.c ****   */
 225:Drivers/STM32F0xx_HAL_Driver/Src/stm32f0xx_hal_pwr_ex.c **** void HAL_PWREx_EnableVddio2Monitor(void)
 226:Drivers/STM32F0xx_HAL_Driver/Src/stm32f0xx_hal_pwr_ex.c **** {
 269              		.loc 1 226 1 is_stmt 1 view -0
 270              		.cfi_startproc
 271              		@ args = 0, pretend = 0, frame = 0
 272              		@ frame_needed = 0, uses_anonymous_args = 0
 273              		@ link register save eliminated.
 227:Drivers/STM32F0xx_HAL_Driver/Src/stm32f0xx_hal_pwr_ex.c ****   __HAL_PWR_VDDIO2_EXTI_ENABLE_IT();
 274              		.loc 1 227 3 view .LVU41
 275 0000 044B     		ldr	r3, .L21
 276 0002 1968     		ldr	r1, [r3]
 277 0004 8022     		movs	r2, #128
 278 0006 1206     		lsls	r2, r2, #24
 279 0008 1143     		orrs	r1, r2
 280 000a 1960     		str	r1, [r3]
 228:Drivers/STM32F0xx_HAL_Driver/Src/stm32f0xx_hal_pwr_ex.c ****   __HAL_PWR_VDDIO2_EXTI_ENABLE_FALLING_EDGE();
 281              		.loc 1 228 3 view .LVU42
 282 000c D968     		ldr	r1, [r3, #12]
 283 000e 0A43     		orrs	r2, r1
 284 0010 DA60     		str	r2, [r3, #12]
 229:Drivers/STM32F0xx_HAL_Driver/Src/stm32f0xx_hal_pwr_ex.c **** }
 285              		.loc 1 229 1 is_stmt 0 view .LVU43
 286              		@ sp needed
 287 0012 7047     		bx	lr
ARM GAS  /var/folders/rp/ngf19lg10dnfsn5m36jgzt1w0000gn/T//ccCHp9jg.s 			page 10


 288              	.L22:
 289              		.align	2
 290              	.L21:
 291 0014 00040140 		.word	1073808384
 292              		.cfi_endproc
 293              	.LFE42:
 295              		.section	.text.HAL_PWREx_DisableVddio2Monitor,"ax",%progbits
 296              		.align	1
 297              		.global	HAL_PWREx_DisableVddio2Monitor
 298              		.syntax unified
 299              		.code	16
 300              		.thumb_func
 301              		.fpu softvfp
 303              	HAL_PWREx_DisableVddio2Monitor:
 304              	.LFB43:
 230:Drivers/STM32F0xx_HAL_Driver/Src/stm32f0xx_hal_pwr_ex.c **** 
 231:Drivers/STM32F0xx_HAL_Driver/Src/stm32f0xx_hal_pwr_ex.c **** /**
 232:Drivers/STM32F0xx_HAL_Driver/Src/stm32f0xx_hal_pwr_ex.c ****   * @brief Disable the Vddio2 Monitor.
 233:Drivers/STM32F0xx_HAL_Driver/Src/stm32f0xx_hal_pwr_ex.c ****   * @retval None
 234:Drivers/STM32F0xx_HAL_Driver/Src/stm32f0xx_hal_pwr_ex.c ****   */
 235:Drivers/STM32F0xx_HAL_Driver/Src/stm32f0xx_hal_pwr_ex.c **** void HAL_PWREx_DisableVddio2Monitor(void)
 236:Drivers/STM32F0xx_HAL_Driver/Src/stm32f0xx_hal_pwr_ex.c **** {
 305              		.loc 1 236 1 is_stmt 1 view -0
 306              		.cfi_startproc
 307              		@ args = 0, pretend = 0, frame = 0
 308              		@ frame_needed = 0, uses_anonymous_args = 0
 309              		@ link register save eliminated.
 237:Drivers/STM32F0xx_HAL_Driver/Src/stm32f0xx_hal_pwr_ex.c ****   __HAL_PWR_VDDIO2_EXTI_DISABLE_IT();
 310              		.loc 1 237 3 view .LVU45
 311 0000 064B     		ldr	r3, .L24
 312 0002 1A68     		ldr	r2, [r3]
 313 0004 5200     		lsls	r2, r2, #1
 314 0006 5208     		lsrs	r2, r2, #1
 315 0008 1A60     		str	r2, [r3]
 238:Drivers/STM32F0xx_HAL_Driver/Src/stm32f0xx_hal_pwr_ex.c ****   __HAL_PWR_VDDIO2_EXTI_DISABLE_FALLING_EDGE();
 316              		.loc 1 238 3 view .LVU46
 317              		.loc 1 238 3 view .LVU47
 318 000a DA68     		ldr	r2, [r3, #12]
 319 000c 5200     		lsls	r2, r2, #1
 320 000e 5208     		lsrs	r2, r2, #1
 321 0010 DA60     		str	r2, [r3, #12]
 322              		.loc 1 238 3 view .LVU48
 323 0012 9A68     		ldr	r2, [r3, #8]
 324 0014 5200     		lsls	r2, r2, #1
 325 0016 5208     		lsrs	r2, r2, #1
 326 0018 9A60     		str	r2, [r3, #8]
 327              		.loc 1 238 3 view .LVU49
 239:Drivers/STM32F0xx_HAL_Driver/Src/stm32f0xx_hal_pwr_ex.c **** 
 240:Drivers/STM32F0xx_HAL_Driver/Src/stm32f0xx_hal_pwr_ex.c **** }
 328              		.loc 1 240 1 is_stmt 0 view .LVU50
 329              		@ sp needed
 330 001a 7047     		bx	lr
 331              	.L25:
 332              		.align	2
 333              	.L24:
 334 001c 00040140 		.word	1073808384
 335              		.cfi_endproc
ARM GAS  /var/folders/rp/ngf19lg10dnfsn5m36jgzt1w0000gn/T//ccCHp9jg.s 			page 11


 336              	.LFE43:
 338              		.section	.text.HAL_PWREx_Vddio2MonitorCallback,"ax",%progbits
 339              		.align	1
 340              		.weak	HAL_PWREx_Vddio2MonitorCallback
 341              		.syntax unified
 342              		.code	16
 343              		.thumb_func
 344              		.fpu softvfp
 346              	HAL_PWREx_Vddio2MonitorCallback:
 347              	.LFB45:
 241:Drivers/STM32F0xx_HAL_Driver/Src/stm32f0xx_hal_pwr_ex.c **** 
 242:Drivers/STM32F0xx_HAL_Driver/Src/stm32f0xx_hal_pwr_ex.c **** /**
 243:Drivers/STM32F0xx_HAL_Driver/Src/stm32f0xx_hal_pwr_ex.c ****   * @brief This function handles the PWR Vddio2 monitor interrupt request.
 244:Drivers/STM32F0xx_HAL_Driver/Src/stm32f0xx_hal_pwr_ex.c ****   * @note This API should be called under the VDDIO2_IRQHandler() PVD_VDDIO2_IRQHandler().
 245:Drivers/STM32F0xx_HAL_Driver/Src/stm32f0xx_hal_pwr_ex.c ****   * @retval None
 246:Drivers/STM32F0xx_HAL_Driver/Src/stm32f0xx_hal_pwr_ex.c ****   */
 247:Drivers/STM32F0xx_HAL_Driver/Src/stm32f0xx_hal_pwr_ex.c **** void HAL_PWREx_Vddio2Monitor_IRQHandler(void)
 248:Drivers/STM32F0xx_HAL_Driver/Src/stm32f0xx_hal_pwr_ex.c **** {
 249:Drivers/STM32F0xx_HAL_Driver/Src/stm32f0xx_hal_pwr_ex.c ****   /* Check PWR exti flag */
 250:Drivers/STM32F0xx_HAL_Driver/Src/stm32f0xx_hal_pwr_ex.c ****   if(__HAL_PWR_VDDIO2_EXTI_GET_FLAG() != RESET)
 251:Drivers/STM32F0xx_HAL_Driver/Src/stm32f0xx_hal_pwr_ex.c ****   {
 252:Drivers/STM32F0xx_HAL_Driver/Src/stm32f0xx_hal_pwr_ex.c ****     /* PWR Vddio2 monitor interrupt user callback */
 253:Drivers/STM32F0xx_HAL_Driver/Src/stm32f0xx_hal_pwr_ex.c ****     HAL_PWREx_Vddio2MonitorCallback();
 254:Drivers/STM32F0xx_HAL_Driver/Src/stm32f0xx_hal_pwr_ex.c **** 
 255:Drivers/STM32F0xx_HAL_Driver/Src/stm32f0xx_hal_pwr_ex.c ****     /* Clear PWR Exti pending bit */
 256:Drivers/STM32F0xx_HAL_Driver/Src/stm32f0xx_hal_pwr_ex.c ****     __HAL_PWR_VDDIO2_EXTI_CLEAR_FLAG();
 257:Drivers/STM32F0xx_HAL_Driver/Src/stm32f0xx_hal_pwr_ex.c ****   }
 258:Drivers/STM32F0xx_HAL_Driver/Src/stm32f0xx_hal_pwr_ex.c **** }
 259:Drivers/STM32F0xx_HAL_Driver/Src/stm32f0xx_hal_pwr_ex.c **** 
 260:Drivers/STM32F0xx_HAL_Driver/Src/stm32f0xx_hal_pwr_ex.c **** /**
 261:Drivers/STM32F0xx_HAL_Driver/Src/stm32f0xx_hal_pwr_ex.c ****   * @brief PWR Vddio2 Monitor interrupt callback
 262:Drivers/STM32F0xx_HAL_Driver/Src/stm32f0xx_hal_pwr_ex.c ****   * @retval None
 263:Drivers/STM32F0xx_HAL_Driver/Src/stm32f0xx_hal_pwr_ex.c ****   */
 264:Drivers/STM32F0xx_HAL_Driver/Src/stm32f0xx_hal_pwr_ex.c **** __weak void HAL_PWREx_Vddio2MonitorCallback(void)
 265:Drivers/STM32F0xx_HAL_Driver/Src/stm32f0xx_hal_pwr_ex.c **** {
 348              		.loc 1 265 1 is_stmt 1 view -0
 349              		.cfi_startproc
 350              		@ args = 0, pretend = 0, frame = 0
 351              		@ frame_needed = 0, uses_anonymous_args = 0
 352              		@ link register save eliminated.
 266:Drivers/STM32F0xx_HAL_Driver/Src/stm32f0xx_hal_pwr_ex.c ****   /* NOTE : This function Should not be modified, when the callback is needed,
 267:Drivers/STM32F0xx_HAL_Driver/Src/stm32f0xx_hal_pwr_ex.c ****             the HAL_PWREx_Vddio2MonitorCallback could be implemented in the user file
 268:Drivers/STM32F0xx_HAL_Driver/Src/stm32f0xx_hal_pwr_ex.c ****    */
 269:Drivers/STM32F0xx_HAL_Driver/Src/stm32f0xx_hal_pwr_ex.c **** }
 353              		.loc 1 269 1 view .LVU52
 354              		@ sp needed
 355 0000 7047     		bx	lr
 356              		.cfi_endproc
 357              	.LFE45:
 359              		.section	.text.HAL_PWREx_Vddio2Monitor_IRQHandler,"ax",%progbits
 360              		.align	1
 361              		.global	HAL_PWREx_Vddio2Monitor_IRQHandler
 362              		.syntax unified
 363              		.code	16
 364              		.thumb_func
 365              		.fpu softvfp
 367              	HAL_PWREx_Vddio2Monitor_IRQHandler:
ARM GAS  /var/folders/rp/ngf19lg10dnfsn5m36jgzt1w0000gn/T//ccCHp9jg.s 			page 12


 368              	.LFB44:
 248:Drivers/STM32F0xx_HAL_Driver/Src/stm32f0xx_hal_pwr_ex.c ****   /* Check PWR exti flag */
 369              		.loc 1 248 1 view -0
 370              		.cfi_startproc
 371              		@ args = 0, pretend = 0, frame = 0
 372              		@ frame_needed = 0, uses_anonymous_args = 0
 373 0000 10B5     		push	{r4, lr}
 374              	.LCFI1:
 375              		.cfi_def_cfa_offset 8
 376              		.cfi_offset 4, -8
 377              		.cfi_offset 14, -4
 250:Drivers/STM32F0xx_HAL_Driver/Src/stm32f0xx_hal_pwr_ex.c ****   {
 378              		.loc 1 250 3 view .LVU54
 250:Drivers/STM32F0xx_HAL_Driver/Src/stm32f0xx_hal_pwr_ex.c ****   {
 379              		.loc 1 250 6 is_stmt 0 view .LVU55
 380 0002 064B     		ldr	r3, .L30
 381 0004 5B69     		ldr	r3, [r3, #20]
 250:Drivers/STM32F0xx_HAL_Driver/Src/stm32f0xx_hal_pwr_ex.c ****   {
 382              		.loc 1 250 5 view .LVU56
 383 0006 002B     		cmp	r3, #0
 384 0008 00DB     		blt	.L29
 385              	.L27:
 258:Drivers/STM32F0xx_HAL_Driver/Src/stm32f0xx_hal_pwr_ex.c **** 
 386              		.loc 1 258 1 view .LVU57
 387              		@ sp needed
 388 000a 10BD     		pop	{r4, pc}
 389              	.L29:
 253:Drivers/STM32F0xx_HAL_Driver/Src/stm32f0xx_hal_pwr_ex.c **** 
 390              		.loc 1 253 5 is_stmt 1 view .LVU58
 391 000c FFF7FEFF 		bl	HAL_PWREx_Vddio2MonitorCallback
 392              	.LVL2:
 256:Drivers/STM32F0xx_HAL_Driver/Src/stm32f0xx_hal_pwr_ex.c ****   }
 393              		.loc 1 256 5 view .LVU59
 394 0010 024B     		ldr	r3, .L30
 395 0012 8022     		movs	r2, #128
 396 0014 1206     		lsls	r2, r2, #24
 397 0016 5A61     		str	r2, [r3, #20]
 258:Drivers/STM32F0xx_HAL_Driver/Src/stm32f0xx_hal_pwr_ex.c **** 
 398              		.loc 1 258 1 is_stmt 0 view .LVU60
 399 0018 F7E7     		b	.L27
 400              	.L31:
 401 001a C046     		.align	2
 402              	.L30:
 403 001c 00040140 		.word	1073808384
 404              		.cfi_endproc
 405              	.LFE44:
 407              		.text
 408              	.Letext0:
 409              		.file 2 "/usr/local/Caskroom/gcc-arm-embedded/9-2019-q4-major/gcc-arm-none-eabi-9-2019-q4-major/ar
 410              		.file 3 "/usr/local/Caskroom/gcc-arm-embedded/9-2019-q4-major/gcc-arm-none-eabi-9-2019-q4-major/ar
 411              		.file 4 "Drivers/CMSIS/Device/ST/STM32F0xx/Include/system_stm32f0xx.h"
 412              		.file 5 "Drivers/CMSIS/Device/ST/STM32F0xx/Include/stm32f072xb.h"
 413              		.file 6 "/usr/local/Caskroom/gcc-arm-embedded/9-2019-q4-major/gcc-arm-none-eabi-9-2019-q4-major/ar
 414              		.file 7 "/usr/local/Caskroom/gcc-arm-embedded/9-2019-q4-major/gcc-arm-none-eabi-9-2019-q4-major/ar
 415              		.file 8 "/usr/local/Caskroom/gcc-arm-embedded/9-2019-q4-major/gcc-arm-none-eabi-9-2019-q4-major/li
 416              		.file 9 "/usr/local/Caskroom/gcc-arm-embedded/9-2019-q4-major/gcc-arm-none-eabi-9-2019-q4-major/ar
 417              		.file 10 "Drivers/STM32F0xx_HAL_Driver/Inc/stm32f0xx_hal_pwr_ex.h"
ARM GAS  /var/folders/rp/ngf19lg10dnfsn5m36jgzt1w0000gn/T//ccCHp9jg.s 			page 13


 418              		.file 11 "Drivers/CMSIS/Device/ST/STM32F0xx/Include/stm32f0xx.h"
ARM GAS  /var/folders/rp/ngf19lg10dnfsn5m36jgzt1w0000gn/T//ccCHp9jg.s 			page 14


DEFINED SYMBOLS
                            *ABS*:0000000000000000 stm32f0xx_hal_pwr_ex.c
/var/folders/rp/ngf19lg10dnfsn5m36jgzt1w0000gn/T//ccCHp9jg.s:16     .text.HAL_PWR_ConfigPVD:0000000000000000 $t
/var/folders/rp/ngf19lg10dnfsn5m36jgzt1w0000gn/T//ccCHp9jg.s:24     .text.HAL_PWR_ConfigPVD:0000000000000000 HAL_PWR_ConfigPVD
/var/folders/rp/ngf19lg10dnfsn5m36jgzt1w0000gn/T//ccCHp9jg.s:120    .text.HAL_PWR_ConfigPVD:0000000000000074 $d
/var/folders/rp/ngf19lg10dnfsn5m36jgzt1w0000gn/T//ccCHp9jg.s:127    .text.HAL_PWR_EnablePVD:0000000000000000 $t
/var/folders/rp/ngf19lg10dnfsn5m36jgzt1w0000gn/T//ccCHp9jg.s:134    .text.HAL_PWR_EnablePVD:0000000000000000 HAL_PWR_EnablePVD
/var/folders/rp/ngf19lg10dnfsn5m36jgzt1w0000gn/T//ccCHp9jg.s:154    .text.HAL_PWR_EnablePVD:000000000000000c $d
/var/folders/rp/ngf19lg10dnfsn5m36jgzt1w0000gn/T//ccCHp9jg.s:159    .text.HAL_PWR_DisablePVD:0000000000000000 $t
/var/folders/rp/ngf19lg10dnfsn5m36jgzt1w0000gn/T//ccCHp9jg.s:166    .text.HAL_PWR_DisablePVD:0000000000000000 HAL_PWR_DisablePVD
/var/folders/rp/ngf19lg10dnfsn5m36jgzt1w0000gn/T//ccCHp9jg.s:186    .text.HAL_PWR_DisablePVD:000000000000000c $d
/var/folders/rp/ngf19lg10dnfsn5m36jgzt1w0000gn/T//ccCHp9jg.s:191    .text.HAL_PWR_PVDCallback:0000000000000000 $t
/var/folders/rp/ngf19lg10dnfsn5m36jgzt1w0000gn/T//ccCHp9jg.s:198    .text.HAL_PWR_PVDCallback:0000000000000000 HAL_PWR_PVDCallback
/var/folders/rp/ngf19lg10dnfsn5m36jgzt1w0000gn/T//ccCHp9jg.s:212    .text.HAL_PWR_PVD_IRQHandler:0000000000000000 $t
/var/folders/rp/ngf19lg10dnfsn5m36jgzt1w0000gn/T//ccCHp9jg.s:219    .text.HAL_PWR_PVD_IRQHandler:0000000000000000 HAL_PWR_PVD_IRQHandler
/var/folders/rp/ngf19lg10dnfsn5m36jgzt1w0000gn/T//ccCHp9jg.s:255    .text.HAL_PWR_PVD_IRQHandler:000000000000001c $d
/var/folders/rp/ngf19lg10dnfsn5m36jgzt1w0000gn/T//ccCHp9jg.s:260    .text.HAL_PWREx_EnableVddio2Monitor:0000000000000000 $t
/var/folders/rp/ngf19lg10dnfsn5m36jgzt1w0000gn/T//ccCHp9jg.s:267    .text.HAL_PWREx_EnableVddio2Monitor:0000000000000000 HAL_PWREx_EnableVddio2Monitor
/var/folders/rp/ngf19lg10dnfsn5m36jgzt1w0000gn/T//ccCHp9jg.s:291    .text.HAL_PWREx_EnableVddio2Monitor:0000000000000014 $d
/var/folders/rp/ngf19lg10dnfsn5m36jgzt1w0000gn/T//ccCHp9jg.s:296    .text.HAL_PWREx_DisableVddio2Monitor:0000000000000000 $t
/var/folders/rp/ngf19lg10dnfsn5m36jgzt1w0000gn/T//ccCHp9jg.s:303    .text.HAL_PWREx_DisableVddio2Monitor:0000000000000000 HAL_PWREx_DisableVddio2Monitor
/var/folders/rp/ngf19lg10dnfsn5m36jgzt1w0000gn/T//ccCHp9jg.s:334    .text.HAL_PWREx_DisableVddio2Monitor:000000000000001c $d
/var/folders/rp/ngf19lg10dnfsn5m36jgzt1w0000gn/T//ccCHp9jg.s:339    .text.HAL_PWREx_Vddio2MonitorCallback:0000000000000000 $t
/var/folders/rp/ngf19lg10dnfsn5m36jgzt1w0000gn/T//ccCHp9jg.s:346    .text.HAL_PWREx_Vddio2MonitorCallback:0000000000000000 HAL_PWREx_Vddio2MonitorCallback
/var/folders/rp/ngf19lg10dnfsn5m36jgzt1w0000gn/T//ccCHp9jg.s:360    .text.HAL_PWREx_Vddio2Monitor_IRQHandler:0000000000000000 $t
/var/folders/rp/ngf19lg10dnfsn5m36jgzt1w0000gn/T//ccCHp9jg.s:367    .text.HAL_PWREx_Vddio2Monitor_IRQHandler:0000000000000000 HAL_PWREx_Vddio2Monitor_IRQHandler
/var/folders/rp/ngf19lg10dnfsn5m36jgzt1w0000gn/T//ccCHp9jg.s:403    .text.HAL_PWREx_Vddio2Monitor_IRQHandler:000000000000001c $d

NO UNDEFINED SYMBOLS
