ARM GAS  /var/folders/rp/ngf19lg10dnfsn5m36jgzt1w0000gn/T//ccC5Bgnm.s 			page 1


   1              		.cpu cortex-m0
   2              		.eabi_attribute 20, 1
   3              		.eabi_attribute 21, 1
   4              		.eabi_attribute 23, 3
   5              		.eabi_attribute 24, 1
   6              		.eabi_attribute 25, 1
   7              		.eabi_attribute 26, 1
   8              		.eabi_attribute 30, 1
   9              		.eabi_attribute 34, 0
  10              		.eabi_attribute 18, 4
  11              		.file	"stm32f0xx_hal.c"
  12              		.text
  13              	.Ltext0:
  14              		.cfi_sections	.debug_frame
  15              		.section	.text.HAL_MspInit,"ax",%progbits
  16              		.align	1
  17              		.weak	HAL_MspInit
  18              		.arch armv6s-m
  19              		.syntax unified
  20              		.code	16
  21              		.thumb_func
  22              		.fpu softvfp
  24              	HAL_MspInit:
  25              	.LFB39:
  26              		.file 1 "Drivers/STM32F0xx_HAL_Driver/Src/stm32f0xx_hal.c"
   1:Drivers/STM32F0xx_HAL_Driver/Src/stm32f0xx_hal.c **** /**
   2:Drivers/STM32F0xx_HAL_Driver/Src/stm32f0xx_hal.c ****   ******************************************************************************
   3:Drivers/STM32F0xx_HAL_Driver/Src/stm32f0xx_hal.c ****   * @file    stm32f0xx_hal.c
   4:Drivers/STM32F0xx_HAL_Driver/Src/stm32f0xx_hal.c ****   * @author  MCD Application Team
   5:Drivers/STM32F0xx_HAL_Driver/Src/stm32f0xx_hal.c ****   * @version V1.4.0
   6:Drivers/STM32F0xx_HAL_Driver/Src/stm32f0xx_hal.c ****   * @date    27-May-2016
   7:Drivers/STM32F0xx_HAL_Driver/Src/stm32f0xx_hal.c ****   * @brief   HAL module driver.
   8:Drivers/STM32F0xx_HAL_Driver/Src/stm32f0xx_hal.c ****   *          This is the common part of the HAL initialization
   9:Drivers/STM32F0xx_HAL_Driver/Src/stm32f0xx_hal.c ****   *
  10:Drivers/STM32F0xx_HAL_Driver/Src/stm32f0xx_hal.c ****   @verbatim
  11:Drivers/STM32F0xx_HAL_Driver/Src/stm32f0xx_hal.c ****   ==============================================================================
  12:Drivers/STM32F0xx_HAL_Driver/Src/stm32f0xx_hal.c ****                      ##### How to use this driver #####
  13:Drivers/STM32F0xx_HAL_Driver/Src/stm32f0xx_hal.c ****   ==============================================================================
  14:Drivers/STM32F0xx_HAL_Driver/Src/stm32f0xx_hal.c ****     [..]
  15:Drivers/STM32F0xx_HAL_Driver/Src/stm32f0xx_hal.c ****     The common HAL driver contains a set of generic and common APIs that can be
  16:Drivers/STM32F0xx_HAL_Driver/Src/stm32f0xx_hal.c ****     used by the PPP peripheral drivers and the user to start using the HAL. 
  17:Drivers/STM32F0xx_HAL_Driver/Src/stm32f0xx_hal.c ****     [..]
  18:Drivers/STM32F0xx_HAL_Driver/Src/stm32f0xx_hal.c ****     The HAL contains two APIs categories:
  19:Drivers/STM32F0xx_HAL_Driver/Src/stm32f0xx_hal.c ****          (+) HAL Initialization and de-initialization functions
  20:Drivers/STM32F0xx_HAL_Driver/Src/stm32f0xx_hal.c ****          (+) HAL Control functions
  21:Drivers/STM32F0xx_HAL_Driver/Src/stm32f0xx_hal.c **** 
  22:Drivers/STM32F0xx_HAL_Driver/Src/stm32f0xx_hal.c ****   @endverbatim
  23:Drivers/STM32F0xx_HAL_Driver/Src/stm32f0xx_hal.c ****   ******************************************************************************
  24:Drivers/STM32F0xx_HAL_Driver/Src/stm32f0xx_hal.c ****   * @attention
  25:Drivers/STM32F0xx_HAL_Driver/Src/stm32f0xx_hal.c ****   *
  26:Drivers/STM32F0xx_HAL_Driver/Src/stm32f0xx_hal.c ****   * <h2><center>&copy; COPYRIGHT(c) 2016 STMicroelectronics</center></h2>
  27:Drivers/STM32F0xx_HAL_Driver/Src/stm32f0xx_hal.c ****   *
  28:Drivers/STM32F0xx_HAL_Driver/Src/stm32f0xx_hal.c ****   * Redistribution and use in source and binary forms, with or without modification,
  29:Drivers/STM32F0xx_HAL_Driver/Src/stm32f0xx_hal.c ****   * are permitted provided that the following conditions are met:
  30:Drivers/STM32F0xx_HAL_Driver/Src/stm32f0xx_hal.c ****   *   1. Redistributions of source code must retain the above copyright notice,
  31:Drivers/STM32F0xx_HAL_Driver/Src/stm32f0xx_hal.c ****   *      this list of conditions and the following disclaimer.
  32:Drivers/STM32F0xx_HAL_Driver/Src/stm32f0xx_hal.c ****   *   2. Redistributions in binary form must reproduce the above copyright notice,
ARM GAS  /var/folders/rp/ngf19lg10dnfsn5m36jgzt1w0000gn/T//ccC5Bgnm.s 			page 2


  33:Drivers/STM32F0xx_HAL_Driver/Src/stm32f0xx_hal.c ****   *      this list of conditions and the following disclaimer in the documentation
  34:Drivers/STM32F0xx_HAL_Driver/Src/stm32f0xx_hal.c ****   *      and/or other materials provided with the distribution.
  35:Drivers/STM32F0xx_HAL_Driver/Src/stm32f0xx_hal.c ****   *   3. Neither the name of STMicroelectronics nor the names of its contributors
  36:Drivers/STM32F0xx_HAL_Driver/Src/stm32f0xx_hal.c ****   *      may be used to endorse or promote products derived from this software
  37:Drivers/STM32F0xx_HAL_Driver/Src/stm32f0xx_hal.c ****   *      without specific prior written permission.
  38:Drivers/STM32F0xx_HAL_Driver/Src/stm32f0xx_hal.c ****   *
  39:Drivers/STM32F0xx_HAL_Driver/Src/stm32f0xx_hal.c ****   * THIS SOFTWARE IS PROVIDED BY THE COPYRIGHT HOLDERS AND CONTRIBUTORS "AS IS"
  40:Drivers/STM32F0xx_HAL_Driver/Src/stm32f0xx_hal.c ****   * AND ANY EXPRESS OR IMPLIED WARRANTIES, INCLUDING, BUT NOT LIMITED TO, THE
  41:Drivers/STM32F0xx_HAL_Driver/Src/stm32f0xx_hal.c ****   * IMPLIED WARRANTIES OF MERCHANTABILITY AND FITNESS FOR A PARTICULAR PURPOSE ARE
  42:Drivers/STM32F0xx_HAL_Driver/Src/stm32f0xx_hal.c ****   * DISCLAIMED. IN NO EVENT SHALL THE COPYRIGHT HOLDER OR CONTRIBUTORS BE LIABLE
  43:Drivers/STM32F0xx_HAL_Driver/Src/stm32f0xx_hal.c ****   * FOR ANY DIRECT, INDIRECT, INCIDENTAL, SPECIAL, EXEMPLARY, OR CONSEQUENTIAL
  44:Drivers/STM32F0xx_HAL_Driver/Src/stm32f0xx_hal.c ****   * DAMAGES (INCLUDING, BUT NOT LIMITED TO, PROCUREMENT OF SUBSTITUTE GOODS OR
  45:Drivers/STM32F0xx_HAL_Driver/Src/stm32f0xx_hal.c ****   * SERVICES; LOSS OF USE, DATA, OR PROFITS; OR BUSINESS INTERRUPTION) HOWEVER
  46:Drivers/STM32F0xx_HAL_Driver/Src/stm32f0xx_hal.c ****   * CAUSED AND ON ANY THEORY OF LIABILITY, WHETHER IN CONTRACT, STRICT LIABILITY,
  47:Drivers/STM32F0xx_HAL_Driver/Src/stm32f0xx_hal.c ****   * OR TORT (INCLUDING NEGLIGENCE OR OTHERWISE) ARISING IN ANY WAY OUT OF THE USE
  48:Drivers/STM32F0xx_HAL_Driver/Src/stm32f0xx_hal.c ****   * OF THIS SOFTWARE, EVEN IF ADVISED OF THE POSSIBILITY OF SUCH DAMAGE.
  49:Drivers/STM32F0xx_HAL_Driver/Src/stm32f0xx_hal.c ****   *
  50:Drivers/STM32F0xx_HAL_Driver/Src/stm32f0xx_hal.c ****   ******************************************************************************
  51:Drivers/STM32F0xx_HAL_Driver/Src/stm32f0xx_hal.c ****   */
  52:Drivers/STM32F0xx_HAL_Driver/Src/stm32f0xx_hal.c **** 
  53:Drivers/STM32F0xx_HAL_Driver/Src/stm32f0xx_hal.c **** /* Includes ------------------------------------------------------------------*/
  54:Drivers/STM32F0xx_HAL_Driver/Src/stm32f0xx_hal.c **** #include "stm32f0xx_hal.h"
  55:Drivers/STM32F0xx_HAL_Driver/Src/stm32f0xx_hal.c **** 
  56:Drivers/STM32F0xx_HAL_Driver/Src/stm32f0xx_hal.c **** /** @addtogroup STM32F0xx_HAL_Driver
  57:Drivers/STM32F0xx_HAL_Driver/Src/stm32f0xx_hal.c ****   * @{
  58:Drivers/STM32F0xx_HAL_Driver/Src/stm32f0xx_hal.c ****   */
  59:Drivers/STM32F0xx_HAL_Driver/Src/stm32f0xx_hal.c **** 
  60:Drivers/STM32F0xx_HAL_Driver/Src/stm32f0xx_hal.c **** /** @defgroup HAL HAL
  61:Drivers/STM32F0xx_HAL_Driver/Src/stm32f0xx_hal.c ****   * @brief HAL module driver.
  62:Drivers/STM32F0xx_HAL_Driver/Src/stm32f0xx_hal.c ****   * @{
  63:Drivers/STM32F0xx_HAL_Driver/Src/stm32f0xx_hal.c ****   */
  64:Drivers/STM32F0xx_HAL_Driver/Src/stm32f0xx_hal.c **** 
  65:Drivers/STM32F0xx_HAL_Driver/Src/stm32f0xx_hal.c **** #ifdef HAL_MODULE_ENABLED
  66:Drivers/STM32F0xx_HAL_Driver/Src/stm32f0xx_hal.c **** 
  67:Drivers/STM32F0xx_HAL_Driver/Src/stm32f0xx_hal.c **** /* Private typedef -----------------------------------------------------------*/
  68:Drivers/STM32F0xx_HAL_Driver/Src/stm32f0xx_hal.c **** /* Private define ------------------------------------------------------------*/
  69:Drivers/STM32F0xx_HAL_Driver/Src/stm32f0xx_hal.c **** /** @defgroup HAL_Private_Constants HAL Private Constants
  70:Drivers/STM32F0xx_HAL_Driver/Src/stm32f0xx_hal.c ****   * @{
  71:Drivers/STM32F0xx_HAL_Driver/Src/stm32f0xx_hal.c ****   */
  72:Drivers/STM32F0xx_HAL_Driver/Src/stm32f0xx_hal.c **** /** 
  73:Drivers/STM32F0xx_HAL_Driver/Src/stm32f0xx_hal.c ****   * @brief STM32F0xx HAL Driver version number V1.4.0
  74:Drivers/STM32F0xx_HAL_Driver/Src/stm32f0xx_hal.c ****   */
  75:Drivers/STM32F0xx_HAL_Driver/Src/stm32f0xx_hal.c **** #define __STM32F0xx_HAL_VERSION_MAIN   (0x01) /*!< [31:24] main version */
  76:Drivers/STM32F0xx_HAL_Driver/Src/stm32f0xx_hal.c **** #define __STM32F0xx_HAL_VERSION_SUB1   (0x04) /*!< [23:16] sub1 version */
  77:Drivers/STM32F0xx_HAL_Driver/Src/stm32f0xx_hal.c **** #define __STM32F0xx_HAL_VERSION_SUB2   (0x00) /*!< [15:8]  sub2 version */
  78:Drivers/STM32F0xx_HAL_Driver/Src/stm32f0xx_hal.c **** #define __STM32F0xx_HAL_VERSION_RC     (0x00) /*!< [7:0]  release candidate */ 
  79:Drivers/STM32F0xx_HAL_Driver/Src/stm32f0xx_hal.c **** #define __STM32F0xx_HAL_VERSION         ((__STM32F0xx_HAL_VERSION_MAIN << 24)\
  80:Drivers/STM32F0xx_HAL_Driver/Src/stm32f0xx_hal.c ****                                         |(__STM32F0xx_HAL_VERSION_SUB1 << 16)\
  81:Drivers/STM32F0xx_HAL_Driver/Src/stm32f0xx_hal.c ****                                         |(__STM32F0xx_HAL_VERSION_SUB2 << 8 )\
  82:Drivers/STM32F0xx_HAL_Driver/Src/stm32f0xx_hal.c ****                                         |(__STM32F0xx_HAL_VERSION_RC))
  83:Drivers/STM32F0xx_HAL_Driver/Src/stm32f0xx_hal.c **** 
  84:Drivers/STM32F0xx_HAL_Driver/Src/stm32f0xx_hal.c **** #define IDCODE_DEVID_MASK    ((uint32_t)0x00000FFF)
  85:Drivers/STM32F0xx_HAL_Driver/Src/stm32f0xx_hal.c **** /**
  86:Drivers/STM32F0xx_HAL_Driver/Src/stm32f0xx_hal.c ****   * @}
  87:Drivers/STM32F0xx_HAL_Driver/Src/stm32f0xx_hal.c ****   */
  88:Drivers/STM32F0xx_HAL_Driver/Src/stm32f0xx_hal.c **** 
  89:Drivers/STM32F0xx_HAL_Driver/Src/stm32f0xx_hal.c **** /* Private macro -------------------------------------------------------------*/
ARM GAS  /var/folders/rp/ngf19lg10dnfsn5m36jgzt1w0000gn/T//ccC5Bgnm.s 			page 3


  90:Drivers/STM32F0xx_HAL_Driver/Src/stm32f0xx_hal.c **** /** @defgroup HAL_Private_Macros HAL Private Macros
  91:Drivers/STM32F0xx_HAL_Driver/Src/stm32f0xx_hal.c ****   * @{
  92:Drivers/STM32F0xx_HAL_Driver/Src/stm32f0xx_hal.c ****   */
  93:Drivers/STM32F0xx_HAL_Driver/Src/stm32f0xx_hal.c **** /**
  94:Drivers/STM32F0xx_HAL_Driver/Src/stm32f0xx_hal.c ****   * @}
  95:Drivers/STM32F0xx_HAL_Driver/Src/stm32f0xx_hal.c ****   */
  96:Drivers/STM32F0xx_HAL_Driver/Src/stm32f0xx_hal.c **** 
  97:Drivers/STM32F0xx_HAL_Driver/Src/stm32f0xx_hal.c **** /* Private variables ---------------------------------------------------------*/
  98:Drivers/STM32F0xx_HAL_Driver/Src/stm32f0xx_hal.c **** /** @defgroup HAL_Private_Variables HAL Private Variables
  99:Drivers/STM32F0xx_HAL_Driver/Src/stm32f0xx_hal.c ****   * @{
 100:Drivers/STM32F0xx_HAL_Driver/Src/stm32f0xx_hal.c ****   */
 101:Drivers/STM32F0xx_HAL_Driver/Src/stm32f0xx_hal.c **** __IO uint32_t uwTick;
 102:Drivers/STM32F0xx_HAL_Driver/Src/stm32f0xx_hal.c **** /**
 103:Drivers/STM32F0xx_HAL_Driver/Src/stm32f0xx_hal.c ****   * @}
 104:Drivers/STM32F0xx_HAL_Driver/Src/stm32f0xx_hal.c ****   */
 105:Drivers/STM32F0xx_HAL_Driver/Src/stm32f0xx_hal.c **** /* Private function prototypes -----------------------------------------------*/
 106:Drivers/STM32F0xx_HAL_Driver/Src/stm32f0xx_hal.c **** /* Exported functions ---------------------------------------------------------*/
 107:Drivers/STM32F0xx_HAL_Driver/Src/stm32f0xx_hal.c **** 
 108:Drivers/STM32F0xx_HAL_Driver/Src/stm32f0xx_hal.c **** /** @defgroup HAL_Exported_Functions HAL Exported Functions
 109:Drivers/STM32F0xx_HAL_Driver/Src/stm32f0xx_hal.c ****   * @{
 110:Drivers/STM32F0xx_HAL_Driver/Src/stm32f0xx_hal.c ****   */
 111:Drivers/STM32F0xx_HAL_Driver/Src/stm32f0xx_hal.c **** 
 112:Drivers/STM32F0xx_HAL_Driver/Src/stm32f0xx_hal.c **** /** @defgroup HAL_Exported_Functions_Group1 Initialization and de-initialization Functions 
 113:Drivers/STM32F0xx_HAL_Driver/Src/stm32f0xx_hal.c ****   * @brief    Initialization and de-initialization functions
 114:Drivers/STM32F0xx_HAL_Driver/Src/stm32f0xx_hal.c ****   *
 115:Drivers/STM32F0xx_HAL_Driver/Src/stm32f0xx_hal.c **** @verbatim
 116:Drivers/STM32F0xx_HAL_Driver/Src/stm32f0xx_hal.c ****  ===============================================================================
 117:Drivers/STM32F0xx_HAL_Driver/Src/stm32f0xx_hal.c ****               ##### Initialization and de-initialization functions #####
 118:Drivers/STM32F0xx_HAL_Driver/Src/stm32f0xx_hal.c ****  ===============================================================================
 119:Drivers/STM32F0xx_HAL_Driver/Src/stm32f0xx_hal.c ****    [..]  This section provides functions allowing to:
 120:Drivers/STM32F0xx_HAL_Driver/Src/stm32f0xx_hal.c ****       (+) Initializes the Flash interface, the NVIC allocation and initial clock 
 121:Drivers/STM32F0xx_HAL_Driver/Src/stm32f0xx_hal.c ****           configuration. It initializes the source of time base also when timeout 
 122:Drivers/STM32F0xx_HAL_Driver/Src/stm32f0xx_hal.c ****           is needed and the backup domain when enabled.
 123:Drivers/STM32F0xx_HAL_Driver/Src/stm32f0xx_hal.c ****       (+) de-Initializes common part of the HAL.
 124:Drivers/STM32F0xx_HAL_Driver/Src/stm32f0xx_hal.c ****       (+) Configure The time base source to have 1ms time base with a dedicated 
 125:Drivers/STM32F0xx_HAL_Driver/Src/stm32f0xx_hal.c ****           Tick interrupt priority. 
 126:Drivers/STM32F0xx_HAL_Driver/Src/stm32f0xx_hal.c ****         (++) Systick timer is used by default as source of time base, but user 
 127:Drivers/STM32F0xx_HAL_Driver/Src/stm32f0xx_hal.c ****              can eventually implement his proper time base source (a general purpose 
 128:Drivers/STM32F0xx_HAL_Driver/Src/stm32f0xx_hal.c ****              timer for example or other time source), keeping in mind that Time base 
 129:Drivers/STM32F0xx_HAL_Driver/Src/stm32f0xx_hal.c ****              duration should be kept 1ms since PPP_TIMEOUT_VALUEs are defined and 
 130:Drivers/STM32F0xx_HAL_Driver/Src/stm32f0xx_hal.c ****              handled in milliseconds basis.
 131:Drivers/STM32F0xx_HAL_Driver/Src/stm32f0xx_hal.c ****         (++) Time base configuration function (HAL_InitTick ()) is called automatically 
 132:Drivers/STM32F0xx_HAL_Driver/Src/stm32f0xx_hal.c ****              at the beginning of the program after reset by HAL_Init() or at any time 
 133:Drivers/STM32F0xx_HAL_Driver/Src/stm32f0xx_hal.c ****              when clock is configured, by HAL_RCC_ClockConfig(). 
 134:Drivers/STM32F0xx_HAL_Driver/Src/stm32f0xx_hal.c ****         (++) Source of time base is configured  to generate interrupts at regular 
 135:Drivers/STM32F0xx_HAL_Driver/Src/stm32f0xx_hal.c ****              time intervals. Care must be taken if HAL_Delay() is called from a 
 136:Drivers/STM32F0xx_HAL_Driver/Src/stm32f0xx_hal.c ****              peripheral ISR process, the Tick interrupt line must have higher priority 
 137:Drivers/STM32F0xx_HAL_Driver/Src/stm32f0xx_hal.c ****             (numerically lower) than the peripheral interrupt. Otherwise the caller 
 138:Drivers/STM32F0xx_HAL_Driver/Src/stm32f0xx_hal.c ****             ISR process will be blocked. 
 139:Drivers/STM32F0xx_HAL_Driver/Src/stm32f0xx_hal.c ****        (++) functions affecting time base configurations are declared as __Weak  
 140:Drivers/STM32F0xx_HAL_Driver/Src/stm32f0xx_hal.c ****              to make  override possible  in case of other  implementations in user file.
 141:Drivers/STM32F0xx_HAL_Driver/Src/stm32f0xx_hal.c ****  
 142:Drivers/STM32F0xx_HAL_Driver/Src/stm32f0xx_hal.c **** @endverbatim
 143:Drivers/STM32F0xx_HAL_Driver/Src/stm32f0xx_hal.c ****   * @{
 144:Drivers/STM32F0xx_HAL_Driver/Src/stm32f0xx_hal.c ****   */
 145:Drivers/STM32F0xx_HAL_Driver/Src/stm32f0xx_hal.c **** 
 146:Drivers/STM32F0xx_HAL_Driver/Src/stm32f0xx_hal.c **** /**
ARM GAS  /var/folders/rp/ngf19lg10dnfsn5m36jgzt1w0000gn/T//ccC5Bgnm.s 			page 4


 147:Drivers/STM32F0xx_HAL_Driver/Src/stm32f0xx_hal.c ****   * @brief  This function configures the Flash prefetch,
 148:Drivers/STM32F0xx_HAL_Driver/Src/stm32f0xx_hal.c ****   *        Configures time base source, NVIC and Low level hardware
 149:Drivers/STM32F0xx_HAL_Driver/Src/stm32f0xx_hal.c ****   * @note This function is called at the beginning of program after reset and before 
 150:Drivers/STM32F0xx_HAL_Driver/Src/stm32f0xx_hal.c ****   *       the clock configuration
 151:Drivers/STM32F0xx_HAL_Driver/Src/stm32f0xx_hal.c ****   * @note The time base configuration is based on HSI clock when exiting from Reset.
 152:Drivers/STM32F0xx_HAL_Driver/Src/stm32f0xx_hal.c ****   *       Once done, time base tick start incrementing.
 153:Drivers/STM32F0xx_HAL_Driver/Src/stm32f0xx_hal.c ****   *       In the default implementation,Systick is used as source of time base.
 154:Drivers/STM32F0xx_HAL_Driver/Src/stm32f0xx_hal.c ****   *       The tick variable is incremented each 1ms in its ISR.
 155:Drivers/STM32F0xx_HAL_Driver/Src/stm32f0xx_hal.c ****   * @retval HAL status
 156:Drivers/STM32F0xx_HAL_Driver/Src/stm32f0xx_hal.c ****   */
 157:Drivers/STM32F0xx_HAL_Driver/Src/stm32f0xx_hal.c **** HAL_StatusTypeDef HAL_Init(void)
 158:Drivers/STM32F0xx_HAL_Driver/Src/stm32f0xx_hal.c **** {
 159:Drivers/STM32F0xx_HAL_Driver/Src/stm32f0xx_hal.c ****   /* Configure Flash prefetch */ 
 160:Drivers/STM32F0xx_HAL_Driver/Src/stm32f0xx_hal.c **** #if (PREFETCH_ENABLE != 0)
 161:Drivers/STM32F0xx_HAL_Driver/Src/stm32f0xx_hal.c ****   __HAL_FLASH_PREFETCH_BUFFER_ENABLE();
 162:Drivers/STM32F0xx_HAL_Driver/Src/stm32f0xx_hal.c **** #endif /* PREFETCH_ENABLE */
 163:Drivers/STM32F0xx_HAL_Driver/Src/stm32f0xx_hal.c **** 
 164:Drivers/STM32F0xx_HAL_Driver/Src/stm32f0xx_hal.c ****   /* Use systick as time base source and configure 1ms tick (default clock after Reset is HSI) */
 165:Drivers/STM32F0xx_HAL_Driver/Src/stm32f0xx_hal.c **** 
 166:Drivers/STM32F0xx_HAL_Driver/Src/stm32f0xx_hal.c ****   HAL_InitTick(TICK_INT_PRIORITY);
 167:Drivers/STM32F0xx_HAL_Driver/Src/stm32f0xx_hal.c **** 
 168:Drivers/STM32F0xx_HAL_Driver/Src/stm32f0xx_hal.c ****   /* Init the low level hardware */
 169:Drivers/STM32F0xx_HAL_Driver/Src/stm32f0xx_hal.c ****   HAL_MspInit();
 170:Drivers/STM32F0xx_HAL_Driver/Src/stm32f0xx_hal.c **** 
 171:Drivers/STM32F0xx_HAL_Driver/Src/stm32f0xx_hal.c ****   /* Return function status */
 172:Drivers/STM32F0xx_HAL_Driver/Src/stm32f0xx_hal.c ****   return HAL_OK;
 173:Drivers/STM32F0xx_HAL_Driver/Src/stm32f0xx_hal.c **** }
 174:Drivers/STM32F0xx_HAL_Driver/Src/stm32f0xx_hal.c **** 
 175:Drivers/STM32F0xx_HAL_Driver/Src/stm32f0xx_hal.c **** /**
 176:Drivers/STM32F0xx_HAL_Driver/Src/stm32f0xx_hal.c ****   * @brief This function de-Initializes common part of the HAL and stops the source
 177:Drivers/STM32F0xx_HAL_Driver/Src/stm32f0xx_hal.c ****   *        of time base.
 178:Drivers/STM32F0xx_HAL_Driver/Src/stm32f0xx_hal.c ****   * @note This function is optional.
 179:Drivers/STM32F0xx_HAL_Driver/Src/stm32f0xx_hal.c ****   * @retval HAL status
 180:Drivers/STM32F0xx_HAL_Driver/Src/stm32f0xx_hal.c ****   */
 181:Drivers/STM32F0xx_HAL_Driver/Src/stm32f0xx_hal.c **** HAL_StatusTypeDef HAL_DeInit(void)
 182:Drivers/STM32F0xx_HAL_Driver/Src/stm32f0xx_hal.c **** {
 183:Drivers/STM32F0xx_HAL_Driver/Src/stm32f0xx_hal.c ****   /* Reset of all peripherals */
 184:Drivers/STM32F0xx_HAL_Driver/Src/stm32f0xx_hal.c ****   __HAL_RCC_APB1_FORCE_RESET();
 185:Drivers/STM32F0xx_HAL_Driver/Src/stm32f0xx_hal.c ****   __HAL_RCC_APB1_RELEASE_RESET();
 186:Drivers/STM32F0xx_HAL_Driver/Src/stm32f0xx_hal.c **** 
 187:Drivers/STM32F0xx_HAL_Driver/Src/stm32f0xx_hal.c ****   __HAL_RCC_APB2_FORCE_RESET();
 188:Drivers/STM32F0xx_HAL_Driver/Src/stm32f0xx_hal.c ****   __HAL_RCC_APB2_RELEASE_RESET();
 189:Drivers/STM32F0xx_HAL_Driver/Src/stm32f0xx_hal.c **** 
 190:Drivers/STM32F0xx_HAL_Driver/Src/stm32f0xx_hal.c ****   __HAL_RCC_AHB_FORCE_RESET();
 191:Drivers/STM32F0xx_HAL_Driver/Src/stm32f0xx_hal.c ****   __HAL_RCC_AHB_RELEASE_RESET();
 192:Drivers/STM32F0xx_HAL_Driver/Src/stm32f0xx_hal.c **** 
 193:Drivers/STM32F0xx_HAL_Driver/Src/stm32f0xx_hal.c ****   /* De-Init the low level hardware */
 194:Drivers/STM32F0xx_HAL_Driver/Src/stm32f0xx_hal.c ****   HAL_MspDeInit();
 195:Drivers/STM32F0xx_HAL_Driver/Src/stm32f0xx_hal.c ****     
 196:Drivers/STM32F0xx_HAL_Driver/Src/stm32f0xx_hal.c ****   /* Return function status */
 197:Drivers/STM32F0xx_HAL_Driver/Src/stm32f0xx_hal.c ****   return HAL_OK;
 198:Drivers/STM32F0xx_HAL_Driver/Src/stm32f0xx_hal.c **** }
 199:Drivers/STM32F0xx_HAL_Driver/Src/stm32f0xx_hal.c **** 
 200:Drivers/STM32F0xx_HAL_Driver/Src/stm32f0xx_hal.c **** /**
 201:Drivers/STM32F0xx_HAL_Driver/Src/stm32f0xx_hal.c ****   * @brief  Initializes the MSP.
 202:Drivers/STM32F0xx_HAL_Driver/Src/stm32f0xx_hal.c ****   * @retval None
 203:Drivers/STM32F0xx_HAL_Driver/Src/stm32f0xx_hal.c ****   */
ARM GAS  /var/folders/rp/ngf19lg10dnfsn5m36jgzt1w0000gn/T//ccC5Bgnm.s 			page 5


 204:Drivers/STM32F0xx_HAL_Driver/Src/stm32f0xx_hal.c **** __weak void HAL_MspInit(void)
 205:Drivers/STM32F0xx_HAL_Driver/Src/stm32f0xx_hal.c **** {
  27              		.loc 1 205 1 view -0
  28              		.cfi_startproc
  29              		@ args = 0, pretend = 0, frame = 0
  30              		@ frame_needed = 0, uses_anonymous_args = 0
  31              		@ link register save eliminated.
 206:Drivers/STM32F0xx_HAL_Driver/Src/stm32f0xx_hal.c ****   /* NOTE : This function Should not be modified, when the callback is needed,
 207:Drivers/STM32F0xx_HAL_Driver/Src/stm32f0xx_hal.c ****             the HAL_MspInit could be implemented in the user file
 208:Drivers/STM32F0xx_HAL_Driver/Src/stm32f0xx_hal.c ****    */
 209:Drivers/STM32F0xx_HAL_Driver/Src/stm32f0xx_hal.c **** }
  32              		.loc 1 209 1 view .LVU1
  33              		@ sp needed
  34 0000 7047     		bx	lr
  35              		.cfi_endproc
  36              	.LFE39:
  38              		.section	.text.HAL_MspDeInit,"ax",%progbits
  39              		.align	1
  40              		.weak	HAL_MspDeInit
  41              		.syntax unified
  42              		.code	16
  43              		.thumb_func
  44              		.fpu softvfp
  46              	HAL_MspDeInit:
  47              	.LFB40:
 210:Drivers/STM32F0xx_HAL_Driver/Src/stm32f0xx_hal.c **** 
 211:Drivers/STM32F0xx_HAL_Driver/Src/stm32f0xx_hal.c **** /**
 212:Drivers/STM32F0xx_HAL_Driver/Src/stm32f0xx_hal.c ****   * @brief  DeInitializes the MSP.
 213:Drivers/STM32F0xx_HAL_Driver/Src/stm32f0xx_hal.c ****   * @retval None
 214:Drivers/STM32F0xx_HAL_Driver/Src/stm32f0xx_hal.c ****   */
 215:Drivers/STM32F0xx_HAL_Driver/Src/stm32f0xx_hal.c **** __weak void HAL_MspDeInit(void)
 216:Drivers/STM32F0xx_HAL_Driver/Src/stm32f0xx_hal.c **** {
  48              		.loc 1 216 1 view -0
  49              		.cfi_startproc
  50              		@ args = 0, pretend = 0, frame = 0
  51              		@ frame_needed = 0, uses_anonymous_args = 0
  52              		@ link register save eliminated.
 217:Drivers/STM32F0xx_HAL_Driver/Src/stm32f0xx_hal.c ****   /* NOTE : This function Should not be modified, when the callback is needed,
 218:Drivers/STM32F0xx_HAL_Driver/Src/stm32f0xx_hal.c ****             the HAL_MspDeInit could be implemented in the user file
 219:Drivers/STM32F0xx_HAL_Driver/Src/stm32f0xx_hal.c ****    */
 220:Drivers/STM32F0xx_HAL_Driver/Src/stm32f0xx_hal.c **** }
  53              		.loc 1 220 1 view .LVU3
  54              		@ sp needed
  55 0000 7047     		bx	lr
  56              		.cfi_endproc
  57              	.LFE40:
  59              		.section	.text.HAL_DeInit,"ax",%progbits
  60              		.align	1
  61              		.global	HAL_DeInit
  62              		.syntax unified
  63              		.code	16
  64              		.thumb_func
  65              		.fpu softvfp
  67              	HAL_DeInit:
  68              	.LFB38:
 182:Drivers/STM32F0xx_HAL_Driver/Src/stm32f0xx_hal.c ****   /* Reset of all peripherals */
  69              		.loc 1 182 1 view -0
ARM GAS  /var/folders/rp/ngf19lg10dnfsn5m36jgzt1w0000gn/T//ccC5Bgnm.s 			page 6


  70              		.cfi_startproc
  71              		@ args = 0, pretend = 0, frame = 0
  72              		@ frame_needed = 0, uses_anonymous_args = 0
  73 0000 10B5     		push	{r4, lr}
  74              	.LCFI0:
  75              		.cfi_def_cfa_offset 8
  76              		.cfi_offset 4, -8
  77              		.cfi_offset 14, -4
 184:Drivers/STM32F0xx_HAL_Driver/Src/stm32f0xx_hal.c ****   __HAL_RCC_APB1_RELEASE_RESET();
  78              		.loc 1 184 3 view .LVU5
  79 0002 074B     		ldr	r3, .L4
  80 0004 0121     		movs	r1, #1
  81 0006 4942     		rsbs	r1, r1, #0
  82 0008 1961     		str	r1, [r3, #16]
 185:Drivers/STM32F0xx_HAL_Driver/Src/stm32f0xx_hal.c **** 
  83              		.loc 1 185 3 view .LVU6
  84 000a 0022     		movs	r2, #0
  85 000c 1A61     		str	r2, [r3, #16]
 187:Drivers/STM32F0xx_HAL_Driver/Src/stm32f0xx_hal.c ****   __HAL_RCC_APB2_RELEASE_RESET();
  86              		.loc 1 187 3 view .LVU7
  87 000e D960     		str	r1, [r3, #12]
 188:Drivers/STM32F0xx_HAL_Driver/Src/stm32f0xx_hal.c **** 
  88              		.loc 1 188 3 view .LVU8
  89 0010 DA60     		str	r2, [r3, #12]
 190:Drivers/STM32F0xx_HAL_Driver/Src/stm32f0xx_hal.c ****   __HAL_RCC_AHB_RELEASE_RESET();
  90              		.loc 1 190 3 view .LVU9
  91 0012 9962     		str	r1, [r3, #40]
 191:Drivers/STM32F0xx_HAL_Driver/Src/stm32f0xx_hal.c **** 
  92              		.loc 1 191 3 view .LVU10
  93 0014 9A62     		str	r2, [r3, #40]
 194:Drivers/STM32F0xx_HAL_Driver/Src/stm32f0xx_hal.c ****     
  94              		.loc 1 194 3 view .LVU11
  95 0016 FFF7FEFF 		bl	HAL_MspDeInit
  96              	.LVL0:
 197:Drivers/STM32F0xx_HAL_Driver/Src/stm32f0xx_hal.c **** }
  97              		.loc 1 197 3 view .LVU12
 198:Drivers/STM32F0xx_HAL_Driver/Src/stm32f0xx_hal.c **** 
  98              		.loc 1 198 1 is_stmt 0 view .LVU13
  99 001a 0020     		movs	r0, #0
 100              		@ sp needed
 101 001c 10BD     		pop	{r4, pc}
 102              	.L5:
 103 001e C046     		.align	2
 104              	.L4:
 105 0020 00100240 		.word	1073876992
 106              		.cfi_endproc
 107              	.LFE38:
 109              		.global	__aeabi_uidiv
 110              		.section	.text.HAL_InitTick,"ax",%progbits
 111              		.align	1
 112              		.weak	HAL_InitTick
 113              		.syntax unified
 114              		.code	16
 115              		.thumb_func
 116              		.fpu softvfp
 118              	HAL_InitTick:
 119              	.LVL1:
ARM GAS  /var/folders/rp/ngf19lg10dnfsn5m36jgzt1w0000gn/T//ccC5Bgnm.s 			page 7


 120              	.LFB41:
 221:Drivers/STM32F0xx_HAL_Driver/Src/stm32f0xx_hal.c **** 
 222:Drivers/STM32F0xx_HAL_Driver/Src/stm32f0xx_hal.c **** /**
 223:Drivers/STM32F0xx_HAL_Driver/Src/stm32f0xx_hal.c ****   * @brief This function configures the source of the time base. 
 224:Drivers/STM32F0xx_HAL_Driver/Src/stm32f0xx_hal.c ****   *        The time source is configured  to have 1ms time base with a dedicated 
 225:Drivers/STM32F0xx_HAL_Driver/Src/stm32f0xx_hal.c ****   *        Tick interrupt priority.
 226:Drivers/STM32F0xx_HAL_Driver/Src/stm32f0xx_hal.c ****   * @note This function is called  automatically at the beginning of program after
 227:Drivers/STM32F0xx_HAL_Driver/Src/stm32f0xx_hal.c ****   *       reset by HAL_Init() or at any time when clock is reconfigured  by HAL_RCC_ClockConfig(). 
 228:Drivers/STM32F0xx_HAL_Driver/Src/stm32f0xx_hal.c ****   * @note In the default implementation, SysTick timer is the source of time base. 
 229:Drivers/STM32F0xx_HAL_Driver/Src/stm32f0xx_hal.c ****   *       It is used to generate interrupts at regular time intervals. 
 230:Drivers/STM32F0xx_HAL_Driver/Src/stm32f0xx_hal.c ****   *       Care must be taken if HAL_Delay() is called from a peripheral ISR process, 
 231:Drivers/STM32F0xx_HAL_Driver/Src/stm32f0xx_hal.c ****   *       The the SysTick interrupt must have higher priority (numerically lower) 
 232:Drivers/STM32F0xx_HAL_Driver/Src/stm32f0xx_hal.c ****   *       than the peripheral interrupt. Otherwise the caller ISR process will be blocked.
 233:Drivers/STM32F0xx_HAL_Driver/Src/stm32f0xx_hal.c ****   *       The function is declared as __Weak  to be overwritten  in case of other
 234:Drivers/STM32F0xx_HAL_Driver/Src/stm32f0xx_hal.c ****   *       implementation  in user file.
 235:Drivers/STM32F0xx_HAL_Driver/Src/stm32f0xx_hal.c ****   * @param TickPriority: Tick interrupt priority.
 236:Drivers/STM32F0xx_HAL_Driver/Src/stm32f0xx_hal.c ****   * @retval HAL status
 237:Drivers/STM32F0xx_HAL_Driver/Src/stm32f0xx_hal.c ****   */
 238:Drivers/STM32F0xx_HAL_Driver/Src/stm32f0xx_hal.c **** __weak HAL_StatusTypeDef HAL_InitTick(uint32_t TickPriority)
 239:Drivers/STM32F0xx_HAL_Driver/Src/stm32f0xx_hal.c **** {
 121              		.loc 1 239 1 is_stmt 1 view -0
 122              		.cfi_startproc
 123              		@ args = 0, pretend = 0, frame = 0
 124              		@ frame_needed = 0, uses_anonymous_args = 0
 125              		.loc 1 239 1 is_stmt 0 view .LVU15
 126 0000 10B5     		push	{r4, lr}
 127              	.LCFI1:
 128              		.cfi_def_cfa_offset 8
 129              		.cfi_offset 4, -8
 130              		.cfi_offset 14, -4
 131 0002 0400     		movs	r4, r0
 240:Drivers/STM32F0xx_HAL_Driver/Src/stm32f0xx_hal.c ****   /*Configure the SysTick to have interrupt in 1ms time basis*/
 241:Drivers/STM32F0xx_HAL_Driver/Src/stm32f0xx_hal.c ****   HAL_SYSTICK_Config(HAL_RCC_GetHCLKFreq()/1000);
 132              		.loc 1 241 3 is_stmt 1 view .LVU16
 133              		.loc 1 241 22 is_stmt 0 view .LVU17
 134 0004 FFF7FEFF 		bl	HAL_RCC_GetHCLKFreq
 135              	.LVL2:
 136              		.loc 1 241 3 view .LVU18
 137 0008 FA21     		movs	r1, #250
 138 000a 8900     		lsls	r1, r1, #2
 139 000c FFF7FEFF 		bl	__aeabi_uidiv
 140              	.LVL3:
 141 0010 FFF7FEFF 		bl	HAL_SYSTICK_Config
 142              	.LVL4:
 242:Drivers/STM32F0xx_HAL_Driver/Src/stm32f0xx_hal.c **** 
 243:Drivers/STM32F0xx_HAL_Driver/Src/stm32f0xx_hal.c ****   /*Configure the SysTick IRQ priority */
 244:Drivers/STM32F0xx_HAL_Driver/Src/stm32f0xx_hal.c ****   HAL_NVIC_SetPriority(SysTick_IRQn, TickPriority ,0);
 143              		.loc 1 244 3 is_stmt 1 view .LVU19
 144 0014 0120     		movs	r0, #1
 145 0016 0022     		movs	r2, #0
 146 0018 2100     		movs	r1, r4
 147 001a 4042     		rsbs	r0, r0, #0
 148 001c FFF7FEFF 		bl	HAL_NVIC_SetPriority
 149              	.LVL5:
 245:Drivers/STM32F0xx_HAL_Driver/Src/stm32f0xx_hal.c **** 
 246:Drivers/STM32F0xx_HAL_Driver/Src/stm32f0xx_hal.c ****    /* Return function status */
 247:Drivers/STM32F0xx_HAL_Driver/Src/stm32f0xx_hal.c ****   return HAL_OK;
ARM GAS  /var/folders/rp/ngf19lg10dnfsn5m36jgzt1w0000gn/T//ccC5Bgnm.s 			page 8


 150              		.loc 1 247 3 view .LVU20
 248:Drivers/STM32F0xx_HAL_Driver/Src/stm32f0xx_hal.c **** }
 151              		.loc 1 248 1 is_stmt 0 view .LVU21
 152 0020 0020     		movs	r0, #0
 153              		@ sp needed
 154              	.LVL6:
 155              		.loc 1 248 1 view .LVU22
 156 0022 10BD     		pop	{r4, pc}
 157              		.cfi_endproc
 158              	.LFE41:
 160              		.section	.text.HAL_Init,"ax",%progbits
 161              		.align	1
 162              		.global	HAL_Init
 163              		.syntax unified
 164              		.code	16
 165              		.thumb_func
 166              		.fpu softvfp
 168              	HAL_Init:
 169              	.LFB37:
 158:Drivers/STM32F0xx_HAL_Driver/Src/stm32f0xx_hal.c ****   /* Configure Flash prefetch */ 
 170              		.loc 1 158 1 is_stmt 1 view -0
 171              		.cfi_startproc
 172              		@ args = 0, pretend = 0, frame = 0
 173              		@ frame_needed = 0, uses_anonymous_args = 0
 174 0000 10B5     		push	{r4, lr}
 175              	.LCFI2:
 176              		.cfi_def_cfa_offset 8
 177              		.cfi_offset 4, -8
 178              		.cfi_offset 14, -4
 161:Drivers/STM32F0xx_HAL_Driver/Src/stm32f0xx_hal.c **** #endif /* PREFETCH_ENABLE */
 179              		.loc 1 161 3 view .LVU24
 180 0002 064A     		ldr	r2, .L8
 181 0004 1368     		ldr	r3, [r2]
 182 0006 1021     		movs	r1, #16
 183 0008 0B43     		orrs	r3, r1
 184 000a 1360     		str	r3, [r2]
 166:Drivers/STM32F0xx_HAL_Driver/Src/stm32f0xx_hal.c **** 
 185              		.loc 1 166 3 view .LVU25
 186 000c 0020     		movs	r0, #0
 187 000e FFF7FEFF 		bl	HAL_InitTick
 188              	.LVL7:
 169:Drivers/STM32F0xx_HAL_Driver/Src/stm32f0xx_hal.c **** 
 189              		.loc 1 169 3 view .LVU26
 190 0012 FFF7FEFF 		bl	HAL_MspInit
 191              	.LVL8:
 172:Drivers/STM32F0xx_HAL_Driver/Src/stm32f0xx_hal.c **** }
 192              		.loc 1 172 3 view .LVU27
 173:Drivers/STM32F0xx_HAL_Driver/Src/stm32f0xx_hal.c **** 
 193              		.loc 1 173 1 is_stmt 0 view .LVU28
 194 0016 0020     		movs	r0, #0
 195              		@ sp needed
 196 0018 10BD     		pop	{r4, pc}
 197              	.L9:
 198 001a C046     		.align	2
 199              	.L8:
 200 001c 00200240 		.word	1073881088
 201              		.cfi_endproc
ARM GAS  /var/folders/rp/ngf19lg10dnfsn5m36jgzt1w0000gn/T//ccC5Bgnm.s 			page 9


 202              	.LFE37:
 204              		.section	.text.HAL_IncTick,"ax",%progbits
 205              		.align	1
 206              		.weak	HAL_IncTick
 207              		.syntax unified
 208              		.code	16
 209              		.thumb_func
 210              		.fpu softvfp
 212              	HAL_IncTick:
 213              	.LFB42:
 249:Drivers/STM32F0xx_HAL_Driver/Src/stm32f0xx_hal.c **** 
 250:Drivers/STM32F0xx_HAL_Driver/Src/stm32f0xx_hal.c **** /**
 251:Drivers/STM32F0xx_HAL_Driver/Src/stm32f0xx_hal.c ****   * @}
 252:Drivers/STM32F0xx_HAL_Driver/Src/stm32f0xx_hal.c ****   */
 253:Drivers/STM32F0xx_HAL_Driver/Src/stm32f0xx_hal.c **** 
 254:Drivers/STM32F0xx_HAL_Driver/Src/stm32f0xx_hal.c **** /** @defgroup HAL_Exported_Functions_Group2 HAL Control functions 
 255:Drivers/STM32F0xx_HAL_Driver/Src/stm32f0xx_hal.c ****   * @brief    HAL Control functions
 256:Drivers/STM32F0xx_HAL_Driver/Src/stm32f0xx_hal.c ****   *
 257:Drivers/STM32F0xx_HAL_Driver/Src/stm32f0xx_hal.c **** @verbatim
 258:Drivers/STM32F0xx_HAL_Driver/Src/stm32f0xx_hal.c ****  ===============================================================================
 259:Drivers/STM32F0xx_HAL_Driver/Src/stm32f0xx_hal.c ****                       ##### HAL Control functions #####
 260:Drivers/STM32F0xx_HAL_Driver/Src/stm32f0xx_hal.c ****  ===============================================================================
 261:Drivers/STM32F0xx_HAL_Driver/Src/stm32f0xx_hal.c ****     [..]  This section provides functions allowing to:
 262:Drivers/STM32F0xx_HAL_Driver/Src/stm32f0xx_hal.c ****       (+) Provide a tick value in millisecond
 263:Drivers/STM32F0xx_HAL_Driver/Src/stm32f0xx_hal.c ****       (+) Provide a blocking delay in millisecond
 264:Drivers/STM32F0xx_HAL_Driver/Src/stm32f0xx_hal.c ****       (+) Suspend the time base source interrupt
 265:Drivers/STM32F0xx_HAL_Driver/Src/stm32f0xx_hal.c ****       (+) Resume the time base source interrupt
 266:Drivers/STM32F0xx_HAL_Driver/Src/stm32f0xx_hal.c ****       (+) Get the HAL API driver version
 267:Drivers/STM32F0xx_HAL_Driver/Src/stm32f0xx_hal.c ****       (+) Get the device identifier
 268:Drivers/STM32F0xx_HAL_Driver/Src/stm32f0xx_hal.c ****       (+) Get the device revision identifier
 269:Drivers/STM32F0xx_HAL_Driver/Src/stm32f0xx_hal.c ****       (+) Enable/Disable Debug module during Sleep mode
 270:Drivers/STM32F0xx_HAL_Driver/Src/stm32f0xx_hal.c ****       (+) Enable/Disable Debug module during STOP mode
 271:Drivers/STM32F0xx_HAL_Driver/Src/stm32f0xx_hal.c ****       (+) Enable/Disable Debug module during STANDBY mode
 272:Drivers/STM32F0xx_HAL_Driver/Src/stm32f0xx_hal.c ****       
 273:Drivers/STM32F0xx_HAL_Driver/Src/stm32f0xx_hal.c **** @endverbatim
 274:Drivers/STM32F0xx_HAL_Driver/Src/stm32f0xx_hal.c ****   * @{
 275:Drivers/STM32F0xx_HAL_Driver/Src/stm32f0xx_hal.c ****   */
 276:Drivers/STM32F0xx_HAL_Driver/Src/stm32f0xx_hal.c **** 
 277:Drivers/STM32F0xx_HAL_Driver/Src/stm32f0xx_hal.c **** /**
 278:Drivers/STM32F0xx_HAL_Driver/Src/stm32f0xx_hal.c ****   * @brief This function is called to increment  a global variable "uwTick"
 279:Drivers/STM32F0xx_HAL_Driver/Src/stm32f0xx_hal.c ****   *        used as application time base.
 280:Drivers/STM32F0xx_HAL_Driver/Src/stm32f0xx_hal.c ****   * @note In the default implementation, this variable is incremented each 1ms
 281:Drivers/STM32F0xx_HAL_Driver/Src/stm32f0xx_hal.c ****   *       in Systick ISR.
 282:Drivers/STM32F0xx_HAL_Driver/Src/stm32f0xx_hal.c ****   * @note This function is declared as __weak to be overwritten in case of other 
 283:Drivers/STM32F0xx_HAL_Driver/Src/stm32f0xx_hal.c ****   *       implementations in user file.
 284:Drivers/STM32F0xx_HAL_Driver/Src/stm32f0xx_hal.c ****   * @retval None
 285:Drivers/STM32F0xx_HAL_Driver/Src/stm32f0xx_hal.c ****   */
 286:Drivers/STM32F0xx_HAL_Driver/Src/stm32f0xx_hal.c **** __weak void HAL_IncTick(void)
 287:Drivers/STM32F0xx_HAL_Driver/Src/stm32f0xx_hal.c **** {
 214              		.loc 1 287 1 is_stmt 1 view -0
 215              		.cfi_startproc
 216              		@ args = 0, pretend = 0, frame = 0
 217              		@ frame_needed = 0, uses_anonymous_args = 0
 218              		@ link register save eliminated.
 288:Drivers/STM32F0xx_HAL_Driver/Src/stm32f0xx_hal.c ****   uwTick++;
 219              		.loc 1 288 3 view .LVU30
 220              		.loc 1 288 9 is_stmt 0 view .LVU31
ARM GAS  /var/folders/rp/ngf19lg10dnfsn5m36jgzt1w0000gn/T//ccC5Bgnm.s 			page 10


 221 0000 024A     		ldr	r2, .L11
 222 0002 1368     		ldr	r3, [r2]
 223 0004 0133     		adds	r3, r3, #1
 224 0006 1360     		str	r3, [r2]
 289:Drivers/STM32F0xx_HAL_Driver/Src/stm32f0xx_hal.c **** }
 225              		.loc 1 289 1 view .LVU32
 226              		@ sp needed
 227 0008 7047     		bx	lr
 228              	.L12:
 229 000a C046     		.align	2
 230              	.L11:
 231 000c 00000000 		.word	uwTick
 232              		.cfi_endproc
 233              	.LFE42:
 235              		.section	.text.HAL_GetTick,"ax",%progbits
 236              		.align	1
 237              		.weak	HAL_GetTick
 238              		.syntax unified
 239              		.code	16
 240              		.thumb_func
 241              		.fpu softvfp
 243              	HAL_GetTick:
 244              	.LFB43:
 290:Drivers/STM32F0xx_HAL_Driver/Src/stm32f0xx_hal.c **** 
 291:Drivers/STM32F0xx_HAL_Driver/Src/stm32f0xx_hal.c **** /**
 292:Drivers/STM32F0xx_HAL_Driver/Src/stm32f0xx_hal.c ****   * @brief  Provides a tick value in millisecond.
 293:Drivers/STM32F0xx_HAL_Driver/Src/stm32f0xx_hal.c ****   * @note   This function is declared as __weak  to be overwritten  in case of other 
 294:Drivers/STM32F0xx_HAL_Driver/Src/stm32f0xx_hal.c ****   *       implementations in user file.
 295:Drivers/STM32F0xx_HAL_Driver/Src/stm32f0xx_hal.c ****   * @retval tick value
 296:Drivers/STM32F0xx_HAL_Driver/Src/stm32f0xx_hal.c ****   */
 297:Drivers/STM32F0xx_HAL_Driver/Src/stm32f0xx_hal.c **** __weak uint32_t HAL_GetTick(void)
 298:Drivers/STM32F0xx_HAL_Driver/Src/stm32f0xx_hal.c **** {
 245              		.loc 1 298 1 is_stmt 1 view -0
 246              		.cfi_startproc
 247              		@ args = 0, pretend = 0, frame = 0
 248              		@ frame_needed = 0, uses_anonymous_args = 0
 249              		@ link register save eliminated.
 299:Drivers/STM32F0xx_HAL_Driver/Src/stm32f0xx_hal.c ****   return uwTick;
 250              		.loc 1 299 3 view .LVU34
 251              		.loc 1 299 10 is_stmt 0 view .LVU35
 252 0000 014B     		ldr	r3, .L14
 253 0002 1868     		ldr	r0, [r3]
 300:Drivers/STM32F0xx_HAL_Driver/Src/stm32f0xx_hal.c **** }
 254              		.loc 1 300 1 view .LVU36
 255              		@ sp needed
 256 0004 7047     		bx	lr
 257              	.L15:
 258 0006 C046     		.align	2
 259              	.L14:
 260 0008 00000000 		.word	uwTick
 261              		.cfi_endproc
 262              	.LFE43:
 264              		.section	.text.HAL_Delay,"ax",%progbits
 265              		.align	1
 266              		.weak	HAL_Delay
 267              		.syntax unified
 268              		.code	16
ARM GAS  /var/folders/rp/ngf19lg10dnfsn5m36jgzt1w0000gn/T//ccC5Bgnm.s 			page 11


 269              		.thumb_func
 270              		.fpu softvfp
 272              	HAL_Delay:
 273              	.LVL9:
 274              	.LFB44:
 301:Drivers/STM32F0xx_HAL_Driver/Src/stm32f0xx_hal.c **** 
 302:Drivers/STM32F0xx_HAL_Driver/Src/stm32f0xx_hal.c **** /**
 303:Drivers/STM32F0xx_HAL_Driver/Src/stm32f0xx_hal.c ****   * @brief This function provides accurate delay (in milliseconds) based 
 304:Drivers/STM32F0xx_HAL_Driver/Src/stm32f0xx_hal.c ****   *        on variable incremented.
 305:Drivers/STM32F0xx_HAL_Driver/Src/stm32f0xx_hal.c ****   * @note In the default implementation , SysTick timer is the source of time base.
 306:Drivers/STM32F0xx_HAL_Driver/Src/stm32f0xx_hal.c ****   *       It is used to generate interrupts at regular time intervals where uwTick
 307:Drivers/STM32F0xx_HAL_Driver/Src/stm32f0xx_hal.c ****   *       is incremented.
 308:Drivers/STM32F0xx_HAL_Driver/Src/stm32f0xx_hal.c ****   * @note ThiS function is declared as __weak to be overwritten in case of other
 309:Drivers/STM32F0xx_HAL_Driver/Src/stm32f0xx_hal.c ****   *       implementations in user file.
 310:Drivers/STM32F0xx_HAL_Driver/Src/stm32f0xx_hal.c ****   * @param Delay: specifies the delay time length, in milliseconds.
 311:Drivers/STM32F0xx_HAL_Driver/Src/stm32f0xx_hal.c ****   * @retval None
 312:Drivers/STM32F0xx_HAL_Driver/Src/stm32f0xx_hal.c ****   */
 313:Drivers/STM32F0xx_HAL_Driver/Src/stm32f0xx_hal.c **** __weak void HAL_Delay(__IO uint32_t Delay)
 314:Drivers/STM32F0xx_HAL_Driver/Src/stm32f0xx_hal.c **** {
 275              		.loc 1 314 1 is_stmt 1 view -0
 276              		.cfi_startproc
 277              		@ args = 0, pretend = 0, frame = 8
 278              		@ frame_needed = 0, uses_anonymous_args = 0
 279              		.loc 1 314 1 is_stmt 0 view .LVU38
 280 0000 10B5     		push	{r4, lr}
 281              	.LCFI3:
 282              		.cfi_def_cfa_offset 8
 283              		.cfi_offset 4, -8
 284              		.cfi_offset 14, -4
 285 0002 82B0     		sub	sp, sp, #8
 286              	.LCFI4:
 287              		.cfi_def_cfa_offset 16
 288 0004 0190     		str	r0, [sp, #4]
 315:Drivers/STM32F0xx_HAL_Driver/Src/stm32f0xx_hal.c ****   uint32_t tickstart = 0;
 289              		.loc 1 315 3 is_stmt 1 view .LVU39
 290              	.LVL10:
 316:Drivers/STM32F0xx_HAL_Driver/Src/stm32f0xx_hal.c ****   tickstart = HAL_GetTick();
 291              		.loc 1 316 3 view .LVU40
 292              		.loc 1 316 15 is_stmt 0 view .LVU41
 293 0006 FFF7FEFF 		bl	HAL_GetTick
 294              	.LVL11:
 295              		.loc 1 316 15 view .LVU42
 296 000a 0400     		movs	r4, r0
 297              	.LVL12:
 317:Drivers/STM32F0xx_HAL_Driver/Src/stm32f0xx_hal.c ****   while((HAL_GetTick() - tickstart) < Delay)
 298              		.loc 1 317 3 is_stmt 1 view .LVU43
 299              	.L17:
 318:Drivers/STM32F0xx_HAL_Driver/Src/stm32f0xx_hal.c ****   {
 319:Drivers/STM32F0xx_HAL_Driver/Src/stm32f0xx_hal.c ****   }
 300              		.loc 1 319 3 discriminator 1 view .LVU44
 317:Drivers/STM32F0xx_HAL_Driver/Src/stm32f0xx_hal.c ****   while((HAL_GetTick() - tickstart) < Delay)
 301              		.loc 1 317 8 discriminator 1 view .LVU45
 317:Drivers/STM32F0xx_HAL_Driver/Src/stm32f0xx_hal.c ****   while((HAL_GetTick() - tickstart) < Delay)
 302              		.loc 1 317 10 is_stmt 0 discriminator 1 view .LVU46
 303 000c FFF7FEFF 		bl	HAL_GetTick
 304              	.LVL13:
 317:Drivers/STM32F0xx_HAL_Driver/Src/stm32f0xx_hal.c ****   while((HAL_GetTick() - tickstart) < Delay)
ARM GAS  /var/folders/rp/ngf19lg10dnfsn5m36jgzt1w0000gn/T//ccC5Bgnm.s 			page 12


 305              		.loc 1 317 24 discriminator 1 view .LVU47
 306 0010 001B     		subs	r0, r0, r4
 317:Drivers/STM32F0xx_HAL_Driver/Src/stm32f0xx_hal.c ****   while((HAL_GetTick() - tickstart) < Delay)
 307              		.loc 1 317 37 discriminator 1 view .LVU48
 308 0012 019B     		ldr	r3, [sp, #4]
 317:Drivers/STM32F0xx_HAL_Driver/Src/stm32f0xx_hal.c ****   while((HAL_GetTick() - tickstart) < Delay)
 309              		.loc 1 317 8 discriminator 1 view .LVU49
 310 0014 9842     		cmp	r0, r3
 311 0016 F9D3     		bcc	.L17
 320:Drivers/STM32F0xx_HAL_Driver/Src/stm32f0xx_hal.c **** }
 312              		.loc 1 320 1 view .LVU50
 313 0018 02B0     		add	sp, sp, #8
 314              		@ sp needed
 315              	.LVL14:
 316              		.loc 1 320 1 view .LVU51
 317 001a 10BD     		pop	{r4, pc}
 318              		.cfi_endproc
 319              	.LFE44:
 321              		.section	.text.HAL_SuspendTick,"ax",%progbits
 322              		.align	1
 323              		.weak	HAL_SuspendTick
 324              		.syntax unified
 325              		.code	16
 326              		.thumb_func
 327              		.fpu softvfp
 329              	HAL_SuspendTick:
 330              	.LFB45:
 321:Drivers/STM32F0xx_HAL_Driver/Src/stm32f0xx_hal.c **** 
 322:Drivers/STM32F0xx_HAL_Driver/Src/stm32f0xx_hal.c **** /**
 323:Drivers/STM32F0xx_HAL_Driver/Src/stm32f0xx_hal.c ****   * @brief Suspend Tick increment.
 324:Drivers/STM32F0xx_HAL_Driver/Src/stm32f0xx_hal.c ****   * @note In the default implementation , SysTick timer is the source of time base. It is
 325:Drivers/STM32F0xx_HAL_Driver/Src/stm32f0xx_hal.c ****   *       used to generate interrupts at regular time intervals. Once HAL_SuspendTick()
 326:Drivers/STM32F0xx_HAL_Driver/Src/stm32f0xx_hal.c ****   *       is called, the the SysTick interrupt will be disabled and so Tick increment 
 327:Drivers/STM32F0xx_HAL_Driver/Src/stm32f0xx_hal.c ****   *       is suspended.
 328:Drivers/STM32F0xx_HAL_Driver/Src/stm32f0xx_hal.c ****   * @note This function is declared as __weak to be overwritten in case of other
 329:Drivers/STM32F0xx_HAL_Driver/Src/stm32f0xx_hal.c ****   *       implementations in user file.
 330:Drivers/STM32F0xx_HAL_Driver/Src/stm32f0xx_hal.c ****   * @retval None
 331:Drivers/STM32F0xx_HAL_Driver/Src/stm32f0xx_hal.c ****   */
 332:Drivers/STM32F0xx_HAL_Driver/Src/stm32f0xx_hal.c **** __weak void HAL_SuspendTick(void)
 333:Drivers/STM32F0xx_HAL_Driver/Src/stm32f0xx_hal.c **** 
 334:Drivers/STM32F0xx_HAL_Driver/Src/stm32f0xx_hal.c **** {
 331              		.loc 1 334 1 is_stmt 1 view -0
 332              		.cfi_startproc
 333              		@ args = 0, pretend = 0, frame = 0
 334              		@ frame_needed = 0, uses_anonymous_args = 0
 335              		@ link register save eliminated.
 335:Drivers/STM32F0xx_HAL_Driver/Src/stm32f0xx_hal.c ****   /* Disable SysTick Interrupt */
 336:Drivers/STM32F0xx_HAL_Driver/Src/stm32f0xx_hal.c ****   CLEAR_BIT(SysTick->CTRL,SysTick_CTRL_TICKINT_Msk);
 336              		.loc 1 336 3 view .LVU53
 337 0000 024A     		ldr	r2, .L19
 338 0002 1368     		ldr	r3, [r2]
 339 0004 0221     		movs	r1, #2
 340 0006 8B43     		bics	r3, r1
 341 0008 1360     		str	r3, [r2]
 337:Drivers/STM32F0xx_HAL_Driver/Src/stm32f0xx_hal.c **** }
 342              		.loc 1 337 1 is_stmt 0 view .LVU54
 343              		@ sp needed
ARM GAS  /var/folders/rp/ngf19lg10dnfsn5m36jgzt1w0000gn/T//ccC5Bgnm.s 			page 13


 344 000a 7047     		bx	lr
 345              	.L20:
 346              		.align	2
 347              	.L19:
 348 000c 10E000E0 		.word	-536813552
 349              		.cfi_endproc
 350              	.LFE45:
 352              		.section	.text.HAL_ResumeTick,"ax",%progbits
 353              		.align	1
 354              		.weak	HAL_ResumeTick
 355              		.syntax unified
 356              		.code	16
 357              		.thumb_func
 358              		.fpu softvfp
 360              	HAL_ResumeTick:
 361              	.LFB46:
 338:Drivers/STM32F0xx_HAL_Driver/Src/stm32f0xx_hal.c **** 
 339:Drivers/STM32F0xx_HAL_Driver/Src/stm32f0xx_hal.c **** /**
 340:Drivers/STM32F0xx_HAL_Driver/Src/stm32f0xx_hal.c ****   * @brief Resume Tick increment.
 341:Drivers/STM32F0xx_HAL_Driver/Src/stm32f0xx_hal.c ****   * @note In the default implementation , SysTick timer is the source of time base. It is
 342:Drivers/STM32F0xx_HAL_Driver/Src/stm32f0xx_hal.c ****   *       used to generate interrupts at regular time intervals. Once HAL_ResumeTick()
 343:Drivers/STM32F0xx_HAL_Driver/Src/stm32f0xx_hal.c ****   *       is called, the the SysTick interrupt will be enabled and so Tick increment 
 344:Drivers/STM32F0xx_HAL_Driver/Src/stm32f0xx_hal.c ****   *       is resumed.
 345:Drivers/STM32F0xx_HAL_Driver/Src/stm32f0xx_hal.c ****   * @note This function is declared as __weak  to be overwritten  in case of other
 346:Drivers/STM32F0xx_HAL_Driver/Src/stm32f0xx_hal.c ****   *       implementations in user file.
 347:Drivers/STM32F0xx_HAL_Driver/Src/stm32f0xx_hal.c ****   * @retval None
 348:Drivers/STM32F0xx_HAL_Driver/Src/stm32f0xx_hal.c ****   */
 349:Drivers/STM32F0xx_HAL_Driver/Src/stm32f0xx_hal.c **** __weak void HAL_ResumeTick(void)
 350:Drivers/STM32F0xx_HAL_Driver/Src/stm32f0xx_hal.c **** {
 362              		.loc 1 350 1 is_stmt 1 view -0
 363              		.cfi_startproc
 364              		@ args = 0, pretend = 0, frame = 0
 365              		@ frame_needed = 0, uses_anonymous_args = 0
 366              		@ link register save eliminated.
 351:Drivers/STM32F0xx_HAL_Driver/Src/stm32f0xx_hal.c ****   /* Enable SysTick Interrupt */
 352:Drivers/STM32F0xx_HAL_Driver/Src/stm32f0xx_hal.c ****   SET_BIT(SysTick->CTRL,SysTick_CTRL_TICKINT_Msk);
 367              		.loc 1 352 3 view .LVU56
 368 0000 024A     		ldr	r2, .L22
 369 0002 1368     		ldr	r3, [r2]
 370 0004 0221     		movs	r1, #2
 371 0006 0B43     		orrs	r3, r1
 372 0008 1360     		str	r3, [r2]
 353:Drivers/STM32F0xx_HAL_Driver/Src/stm32f0xx_hal.c **** }
 373              		.loc 1 353 1 is_stmt 0 view .LVU57
 374              		@ sp needed
 375 000a 7047     		bx	lr
 376              	.L23:
 377              		.align	2
 378              	.L22:
 379 000c 10E000E0 		.word	-536813552
 380              		.cfi_endproc
 381              	.LFE46:
 383              		.section	.text.HAL_GetHalVersion,"ax",%progbits
 384              		.align	1
 385              		.global	HAL_GetHalVersion
 386              		.syntax unified
 387              		.code	16
ARM GAS  /var/folders/rp/ngf19lg10dnfsn5m36jgzt1w0000gn/T//ccC5Bgnm.s 			page 14


 388              		.thumb_func
 389              		.fpu softvfp
 391              	HAL_GetHalVersion:
 392              	.LFB47:
 354:Drivers/STM32F0xx_HAL_Driver/Src/stm32f0xx_hal.c **** 
 355:Drivers/STM32F0xx_HAL_Driver/Src/stm32f0xx_hal.c **** /**
 356:Drivers/STM32F0xx_HAL_Driver/Src/stm32f0xx_hal.c ****   * @brief  This method returns the HAL revision
 357:Drivers/STM32F0xx_HAL_Driver/Src/stm32f0xx_hal.c ****   * @retval version : 0xXYZR (8bits for each decimal, R for RC)
 358:Drivers/STM32F0xx_HAL_Driver/Src/stm32f0xx_hal.c ****   */
 359:Drivers/STM32F0xx_HAL_Driver/Src/stm32f0xx_hal.c **** uint32_t HAL_GetHalVersion(void)
 360:Drivers/STM32F0xx_HAL_Driver/Src/stm32f0xx_hal.c **** {
 393              		.loc 1 360 1 is_stmt 1 view -0
 394              		.cfi_startproc
 395              		@ args = 0, pretend = 0, frame = 0
 396              		@ frame_needed = 0, uses_anonymous_args = 0
 397              		@ link register save eliminated.
 361:Drivers/STM32F0xx_HAL_Driver/Src/stm32f0xx_hal.c ****  return __STM32F0xx_HAL_VERSION;
 398              		.loc 1 361 2 view .LVU59
 399              		.loc 1 361 9 is_stmt 0 view .LVU60
 400 0000 8220     		movs	r0, #130
 362:Drivers/STM32F0xx_HAL_Driver/Src/stm32f0xx_hal.c **** }
 401              		.loc 1 362 1 view .LVU61
 402 0002 4004     		lsls	r0, r0, #17
 403              		@ sp needed
 404 0004 7047     		bx	lr
 405              		.cfi_endproc
 406              	.LFE47:
 408              		.section	.text.HAL_GetREVID,"ax",%progbits
 409              		.align	1
 410              		.global	HAL_GetREVID
 411              		.syntax unified
 412              		.code	16
 413              		.thumb_func
 414              		.fpu softvfp
 416              	HAL_GetREVID:
 417              	.LFB48:
 363:Drivers/STM32F0xx_HAL_Driver/Src/stm32f0xx_hal.c **** 
 364:Drivers/STM32F0xx_HAL_Driver/Src/stm32f0xx_hal.c **** /**
 365:Drivers/STM32F0xx_HAL_Driver/Src/stm32f0xx_hal.c ****   * @brief  Returns the device revision identifier.
 366:Drivers/STM32F0xx_HAL_Driver/Src/stm32f0xx_hal.c ****   * @retval Device revision identifier
 367:Drivers/STM32F0xx_HAL_Driver/Src/stm32f0xx_hal.c ****   */
 368:Drivers/STM32F0xx_HAL_Driver/Src/stm32f0xx_hal.c **** uint32_t HAL_GetREVID(void)
 369:Drivers/STM32F0xx_HAL_Driver/Src/stm32f0xx_hal.c **** {
 418              		.loc 1 369 1 is_stmt 1 view -0
 419              		.cfi_startproc
 420              		@ args = 0, pretend = 0, frame = 0
 421              		@ frame_needed = 0, uses_anonymous_args = 0
 422              		@ link register save eliminated.
 370:Drivers/STM32F0xx_HAL_Driver/Src/stm32f0xx_hal.c ****    return((DBGMCU->IDCODE) >> 16);
 423              		.loc 1 370 4 view .LVU63
 424              		.loc 1 370 18 is_stmt 0 view .LVU64
 425 0000 014B     		ldr	r3, .L26
 426 0002 1868     		ldr	r0, [r3]
 427              		.loc 1 370 28 view .LVU65
 428 0004 000C     		lsrs	r0, r0, #16
 371:Drivers/STM32F0xx_HAL_Driver/Src/stm32f0xx_hal.c **** }
 429              		.loc 1 371 1 view .LVU66
ARM GAS  /var/folders/rp/ngf19lg10dnfsn5m36jgzt1w0000gn/T//ccC5Bgnm.s 			page 15


 430              		@ sp needed
 431 0006 7047     		bx	lr
 432              	.L27:
 433              		.align	2
 434              	.L26:
 435 0008 00580140 		.word	1073829888
 436              		.cfi_endproc
 437              	.LFE48:
 439              		.section	.text.HAL_GetDEVID,"ax",%progbits
 440              		.align	1
 441              		.global	HAL_GetDEVID
 442              		.syntax unified
 443              		.code	16
 444              		.thumb_func
 445              		.fpu softvfp
 447              	HAL_GetDEVID:
 448              	.LFB49:
 372:Drivers/STM32F0xx_HAL_Driver/Src/stm32f0xx_hal.c **** 
 373:Drivers/STM32F0xx_HAL_Driver/Src/stm32f0xx_hal.c **** /**
 374:Drivers/STM32F0xx_HAL_Driver/Src/stm32f0xx_hal.c ****   * @brief  Returns the device identifier.
 375:Drivers/STM32F0xx_HAL_Driver/Src/stm32f0xx_hal.c ****   * @retval Device identifier
 376:Drivers/STM32F0xx_HAL_Driver/Src/stm32f0xx_hal.c ****   */
 377:Drivers/STM32F0xx_HAL_Driver/Src/stm32f0xx_hal.c **** uint32_t HAL_GetDEVID(void)
 378:Drivers/STM32F0xx_HAL_Driver/Src/stm32f0xx_hal.c **** {
 449              		.loc 1 378 1 is_stmt 1 view -0
 450              		.cfi_startproc
 451              		@ args = 0, pretend = 0, frame = 0
 452              		@ frame_needed = 0, uses_anonymous_args = 0
 453              		@ link register save eliminated.
 379:Drivers/STM32F0xx_HAL_Driver/Src/stm32f0xx_hal.c ****    return((DBGMCU->IDCODE) & IDCODE_DEVID_MASK);
 454              		.loc 1 379 4 view .LVU68
 455              		.loc 1 379 18 is_stmt 0 view .LVU69
 456 0000 024B     		ldr	r3, .L29
 457 0002 1868     		ldr	r0, [r3]
 458              		.loc 1 379 28 view .LVU70
 459 0004 0005     		lsls	r0, r0, #20
 460 0006 000D     		lsrs	r0, r0, #20
 380:Drivers/STM32F0xx_HAL_Driver/Src/stm32f0xx_hal.c **** }
 461              		.loc 1 380 1 view .LVU71
 462              		@ sp needed
 463 0008 7047     		bx	lr
 464              	.L30:
 465 000a C046     		.align	2
 466              	.L29:
 467 000c 00580140 		.word	1073829888
 468              		.cfi_endproc
 469              	.LFE49:
 471              		.section	.text.HAL_DBGMCU_EnableDBGStopMode,"ax",%progbits
 472              		.align	1
 473              		.global	HAL_DBGMCU_EnableDBGStopMode
 474              		.syntax unified
 475              		.code	16
 476              		.thumb_func
 477              		.fpu softvfp
 479              	HAL_DBGMCU_EnableDBGStopMode:
 480              	.LFB50:
 381:Drivers/STM32F0xx_HAL_Driver/Src/stm32f0xx_hal.c **** 
ARM GAS  /var/folders/rp/ngf19lg10dnfsn5m36jgzt1w0000gn/T//ccC5Bgnm.s 			page 16


 382:Drivers/STM32F0xx_HAL_Driver/Src/stm32f0xx_hal.c **** /**
 383:Drivers/STM32F0xx_HAL_Driver/Src/stm32f0xx_hal.c ****   * @brief  Enable the Debug Module during STOP mode       
 384:Drivers/STM32F0xx_HAL_Driver/Src/stm32f0xx_hal.c ****   * @retval None
 385:Drivers/STM32F0xx_HAL_Driver/Src/stm32f0xx_hal.c ****   */
 386:Drivers/STM32F0xx_HAL_Driver/Src/stm32f0xx_hal.c **** void HAL_DBGMCU_EnableDBGStopMode(void)
 387:Drivers/STM32F0xx_HAL_Driver/Src/stm32f0xx_hal.c **** {
 481              		.loc 1 387 1 is_stmt 1 view -0
 482              		.cfi_startproc
 483              		@ args = 0, pretend = 0, frame = 0
 484              		@ frame_needed = 0, uses_anonymous_args = 0
 485              		@ link register save eliminated.
 388:Drivers/STM32F0xx_HAL_Driver/Src/stm32f0xx_hal.c ****   SET_BIT(DBGMCU->CR, DBGMCU_CR_DBG_STOP);
 486              		.loc 1 388 3 view .LVU73
 487 0000 024A     		ldr	r2, .L32
 488 0002 5368     		ldr	r3, [r2, #4]
 489 0004 0221     		movs	r1, #2
 490 0006 0B43     		orrs	r3, r1
 491 0008 5360     		str	r3, [r2, #4]
 389:Drivers/STM32F0xx_HAL_Driver/Src/stm32f0xx_hal.c **** }
 492              		.loc 1 389 1 is_stmt 0 view .LVU74
 493              		@ sp needed
 494 000a 7047     		bx	lr
 495              	.L33:
 496              		.align	2
 497              	.L32:
 498 000c 00580140 		.word	1073829888
 499              		.cfi_endproc
 500              	.LFE50:
 502              		.section	.text.HAL_DBGMCU_DisableDBGStopMode,"ax",%progbits
 503              		.align	1
 504              		.global	HAL_DBGMCU_DisableDBGStopMode
 505              		.syntax unified
 506              		.code	16
 507              		.thumb_func
 508              		.fpu softvfp
 510              	HAL_DBGMCU_DisableDBGStopMode:
 511              	.LFB51:
 390:Drivers/STM32F0xx_HAL_Driver/Src/stm32f0xx_hal.c **** 
 391:Drivers/STM32F0xx_HAL_Driver/Src/stm32f0xx_hal.c **** /**
 392:Drivers/STM32F0xx_HAL_Driver/Src/stm32f0xx_hal.c ****   * @brief  Disable the Debug Module during STOP mode       
 393:Drivers/STM32F0xx_HAL_Driver/Src/stm32f0xx_hal.c ****   * @retval None
 394:Drivers/STM32F0xx_HAL_Driver/Src/stm32f0xx_hal.c ****   */
 395:Drivers/STM32F0xx_HAL_Driver/Src/stm32f0xx_hal.c **** void HAL_DBGMCU_DisableDBGStopMode(void)
 396:Drivers/STM32F0xx_HAL_Driver/Src/stm32f0xx_hal.c **** {
 512              		.loc 1 396 1 is_stmt 1 view -0
 513              		.cfi_startproc
 514              		@ args = 0, pretend = 0, frame = 0
 515              		@ frame_needed = 0, uses_anonymous_args = 0
 516              		@ link register save eliminated.
 397:Drivers/STM32F0xx_HAL_Driver/Src/stm32f0xx_hal.c ****   CLEAR_BIT(DBGMCU->CR, DBGMCU_CR_DBG_STOP);
 517              		.loc 1 397 3 view .LVU76
 518 0000 024A     		ldr	r2, .L35
 519 0002 5368     		ldr	r3, [r2, #4]
 520 0004 0221     		movs	r1, #2
 521 0006 8B43     		bics	r3, r1
 522 0008 5360     		str	r3, [r2, #4]
 398:Drivers/STM32F0xx_HAL_Driver/Src/stm32f0xx_hal.c **** }
ARM GAS  /var/folders/rp/ngf19lg10dnfsn5m36jgzt1w0000gn/T//ccC5Bgnm.s 			page 17


 523              		.loc 1 398 1 is_stmt 0 view .LVU77
 524              		@ sp needed
 525 000a 7047     		bx	lr
 526              	.L36:
 527              		.align	2
 528              	.L35:
 529 000c 00580140 		.word	1073829888
 530              		.cfi_endproc
 531              	.LFE51:
 533              		.section	.text.HAL_DBGMCU_EnableDBGStandbyMode,"ax",%progbits
 534              		.align	1
 535              		.global	HAL_DBGMCU_EnableDBGStandbyMode
 536              		.syntax unified
 537              		.code	16
 538              		.thumb_func
 539              		.fpu softvfp
 541              	HAL_DBGMCU_EnableDBGStandbyMode:
 542              	.LFB52:
 399:Drivers/STM32F0xx_HAL_Driver/Src/stm32f0xx_hal.c **** 
 400:Drivers/STM32F0xx_HAL_Driver/Src/stm32f0xx_hal.c **** /**
 401:Drivers/STM32F0xx_HAL_Driver/Src/stm32f0xx_hal.c ****   * @brief  Enable the Debug Module during STANDBY mode       
 402:Drivers/STM32F0xx_HAL_Driver/Src/stm32f0xx_hal.c ****   * @retval None
 403:Drivers/STM32F0xx_HAL_Driver/Src/stm32f0xx_hal.c ****   */
 404:Drivers/STM32F0xx_HAL_Driver/Src/stm32f0xx_hal.c **** void HAL_DBGMCU_EnableDBGStandbyMode(void)
 405:Drivers/STM32F0xx_HAL_Driver/Src/stm32f0xx_hal.c **** {
 543              		.loc 1 405 1 is_stmt 1 view -0
 544              		.cfi_startproc
 545              		@ args = 0, pretend = 0, frame = 0
 546              		@ frame_needed = 0, uses_anonymous_args = 0
 547              		@ link register save eliminated.
 406:Drivers/STM32F0xx_HAL_Driver/Src/stm32f0xx_hal.c ****   SET_BIT(DBGMCU->CR, DBGMCU_CR_DBG_STANDBY);
 548              		.loc 1 406 3 view .LVU79
 549 0000 024A     		ldr	r2, .L38
 550 0002 5368     		ldr	r3, [r2, #4]
 551 0004 0421     		movs	r1, #4
 552 0006 0B43     		orrs	r3, r1
 553 0008 5360     		str	r3, [r2, #4]
 407:Drivers/STM32F0xx_HAL_Driver/Src/stm32f0xx_hal.c **** }
 554              		.loc 1 407 1 is_stmt 0 view .LVU80
 555              		@ sp needed
 556 000a 7047     		bx	lr
 557              	.L39:
 558              		.align	2
 559              	.L38:
 560 000c 00580140 		.word	1073829888
 561              		.cfi_endproc
 562              	.LFE52:
 564              		.section	.text.HAL_DBGMCU_DisableDBGStandbyMode,"ax",%progbits
 565              		.align	1
 566              		.global	HAL_DBGMCU_DisableDBGStandbyMode
 567              		.syntax unified
 568              		.code	16
 569              		.thumb_func
 570              		.fpu softvfp
 572              	HAL_DBGMCU_DisableDBGStandbyMode:
 573              	.LFB53:
 408:Drivers/STM32F0xx_HAL_Driver/Src/stm32f0xx_hal.c **** 
ARM GAS  /var/folders/rp/ngf19lg10dnfsn5m36jgzt1w0000gn/T//ccC5Bgnm.s 			page 18


 409:Drivers/STM32F0xx_HAL_Driver/Src/stm32f0xx_hal.c **** /**
 410:Drivers/STM32F0xx_HAL_Driver/Src/stm32f0xx_hal.c ****   * @brief  Disable the Debug Module during STANDBY mode       
 411:Drivers/STM32F0xx_HAL_Driver/Src/stm32f0xx_hal.c ****   * @retval None
 412:Drivers/STM32F0xx_HAL_Driver/Src/stm32f0xx_hal.c ****   */
 413:Drivers/STM32F0xx_HAL_Driver/Src/stm32f0xx_hal.c **** void HAL_DBGMCU_DisableDBGStandbyMode(void)
 414:Drivers/STM32F0xx_HAL_Driver/Src/stm32f0xx_hal.c **** {
 574              		.loc 1 414 1 is_stmt 1 view -0
 575              		.cfi_startproc
 576              		@ args = 0, pretend = 0, frame = 0
 577              		@ frame_needed = 0, uses_anonymous_args = 0
 578              		@ link register save eliminated.
 415:Drivers/STM32F0xx_HAL_Driver/Src/stm32f0xx_hal.c ****   CLEAR_BIT(DBGMCU->CR, DBGMCU_CR_DBG_STANDBY);
 579              		.loc 1 415 3 view .LVU82
 580 0000 024A     		ldr	r2, .L41
 581 0002 5368     		ldr	r3, [r2, #4]
 582 0004 0421     		movs	r1, #4
 583 0006 8B43     		bics	r3, r1
 584 0008 5360     		str	r3, [r2, #4]
 416:Drivers/STM32F0xx_HAL_Driver/Src/stm32f0xx_hal.c **** }
 585              		.loc 1 416 1 is_stmt 0 view .LVU83
 586              		@ sp needed
 587 000a 7047     		bx	lr
 588              	.L42:
 589              		.align	2
 590              	.L41:
 591 000c 00580140 		.word	1073829888
 592              		.cfi_endproc
 593              	.LFE53:
 595              		.comm	uwTick,4,4
 596              		.text
 597              	.Letext0:
 598              		.file 2 "/usr/local/Caskroom/gcc-arm-embedded/9-2019-q4-major/gcc-arm-none-eabi-9-2019-q4-major/ar
 599              		.file 3 "/usr/local/Caskroom/gcc-arm-embedded/9-2019-q4-major/gcc-arm-none-eabi-9-2019-q4-major/ar
 600              		.file 4 "Drivers/CMSIS/Include/core_cm0.h"
 601              		.file 5 "Drivers/CMSIS/Device/ST/STM32F0xx/Include/system_stm32f0xx.h"
 602              		.file 6 "Drivers/CMSIS/Device/ST/STM32F0xx/Include/stm32f072xb.h"
 603              		.file 7 "/usr/local/Caskroom/gcc-arm-embedded/9-2019-q4-major/gcc-arm-none-eabi-9-2019-q4-major/ar
 604              		.file 8 "/usr/local/Caskroom/gcc-arm-embedded/9-2019-q4-major/gcc-arm-none-eabi-9-2019-q4-major/ar
 605              		.file 9 "/usr/local/Caskroom/gcc-arm-embedded/9-2019-q4-major/gcc-arm-none-eabi-9-2019-q4-major/li
 606              		.file 10 "/usr/local/Caskroom/gcc-arm-embedded/9-2019-q4-major/gcc-arm-none-eabi-9-2019-q4-major/a
 607              		.file 11 "Drivers/STM32F0xx_HAL_Driver/Inc/stm32f0xx_hal_def.h"
 608              		.file 12 "Drivers/STM32F0xx_HAL_Driver/Inc/stm32f0xx_hal_rcc.h"
 609              		.file 13 "Drivers/STM32F0xx_HAL_Driver/Inc/stm32f0xx_hal_cortex.h"
ARM GAS  /var/folders/rp/ngf19lg10dnfsn5m36jgzt1w0000gn/T//ccC5Bgnm.s 			page 19


DEFINED SYMBOLS
                            *ABS*:0000000000000000 stm32f0xx_hal.c
/var/folders/rp/ngf19lg10dnfsn5m36jgzt1w0000gn/T//ccC5Bgnm.s:16     .text.HAL_MspInit:0000000000000000 $t
/var/folders/rp/ngf19lg10dnfsn5m36jgzt1w0000gn/T//ccC5Bgnm.s:24     .text.HAL_MspInit:0000000000000000 HAL_MspInit
/var/folders/rp/ngf19lg10dnfsn5m36jgzt1w0000gn/T//ccC5Bgnm.s:39     .text.HAL_MspDeInit:0000000000000000 $t
/var/folders/rp/ngf19lg10dnfsn5m36jgzt1w0000gn/T//ccC5Bgnm.s:46     .text.HAL_MspDeInit:0000000000000000 HAL_MspDeInit
/var/folders/rp/ngf19lg10dnfsn5m36jgzt1w0000gn/T//ccC5Bgnm.s:60     .text.HAL_DeInit:0000000000000000 $t
/var/folders/rp/ngf19lg10dnfsn5m36jgzt1w0000gn/T//ccC5Bgnm.s:67     .text.HAL_DeInit:0000000000000000 HAL_DeInit
/var/folders/rp/ngf19lg10dnfsn5m36jgzt1w0000gn/T//ccC5Bgnm.s:105    .text.HAL_DeInit:0000000000000020 $d
/var/folders/rp/ngf19lg10dnfsn5m36jgzt1w0000gn/T//ccC5Bgnm.s:111    .text.HAL_InitTick:0000000000000000 $t
/var/folders/rp/ngf19lg10dnfsn5m36jgzt1w0000gn/T//ccC5Bgnm.s:118    .text.HAL_InitTick:0000000000000000 HAL_InitTick
/var/folders/rp/ngf19lg10dnfsn5m36jgzt1w0000gn/T//ccC5Bgnm.s:161    .text.HAL_Init:0000000000000000 $t
/var/folders/rp/ngf19lg10dnfsn5m36jgzt1w0000gn/T//ccC5Bgnm.s:168    .text.HAL_Init:0000000000000000 HAL_Init
/var/folders/rp/ngf19lg10dnfsn5m36jgzt1w0000gn/T//ccC5Bgnm.s:200    .text.HAL_Init:000000000000001c $d
/var/folders/rp/ngf19lg10dnfsn5m36jgzt1w0000gn/T//ccC5Bgnm.s:205    .text.HAL_IncTick:0000000000000000 $t
/var/folders/rp/ngf19lg10dnfsn5m36jgzt1w0000gn/T//ccC5Bgnm.s:212    .text.HAL_IncTick:0000000000000000 HAL_IncTick
/var/folders/rp/ngf19lg10dnfsn5m36jgzt1w0000gn/T//ccC5Bgnm.s:231    .text.HAL_IncTick:000000000000000c $d
                            *COM*:0000000000000004 uwTick
/var/folders/rp/ngf19lg10dnfsn5m36jgzt1w0000gn/T//ccC5Bgnm.s:236    .text.HAL_GetTick:0000000000000000 $t
/var/folders/rp/ngf19lg10dnfsn5m36jgzt1w0000gn/T//ccC5Bgnm.s:243    .text.HAL_GetTick:0000000000000000 HAL_GetTick
/var/folders/rp/ngf19lg10dnfsn5m36jgzt1w0000gn/T//ccC5Bgnm.s:260    .text.HAL_GetTick:0000000000000008 $d
/var/folders/rp/ngf19lg10dnfsn5m36jgzt1w0000gn/T//ccC5Bgnm.s:265    .text.HAL_Delay:0000000000000000 $t
/var/folders/rp/ngf19lg10dnfsn5m36jgzt1w0000gn/T//ccC5Bgnm.s:272    .text.HAL_Delay:0000000000000000 HAL_Delay
/var/folders/rp/ngf19lg10dnfsn5m36jgzt1w0000gn/T//ccC5Bgnm.s:322    .text.HAL_SuspendTick:0000000000000000 $t
/var/folders/rp/ngf19lg10dnfsn5m36jgzt1w0000gn/T//ccC5Bgnm.s:329    .text.HAL_SuspendTick:0000000000000000 HAL_SuspendTick
/var/folders/rp/ngf19lg10dnfsn5m36jgzt1w0000gn/T//ccC5Bgnm.s:348    .text.HAL_SuspendTick:000000000000000c $d
/var/folders/rp/ngf19lg10dnfsn5m36jgzt1w0000gn/T//ccC5Bgnm.s:353    .text.HAL_ResumeTick:0000000000000000 $t
/var/folders/rp/ngf19lg10dnfsn5m36jgzt1w0000gn/T//ccC5Bgnm.s:360    .text.HAL_ResumeTick:0000000000000000 HAL_ResumeTick
/var/folders/rp/ngf19lg10dnfsn5m36jgzt1w0000gn/T//ccC5Bgnm.s:379    .text.HAL_ResumeTick:000000000000000c $d
/var/folders/rp/ngf19lg10dnfsn5m36jgzt1w0000gn/T//ccC5Bgnm.s:384    .text.HAL_GetHalVersion:0000000000000000 $t
/var/folders/rp/ngf19lg10dnfsn5m36jgzt1w0000gn/T//ccC5Bgnm.s:391    .text.HAL_GetHalVersion:0000000000000000 HAL_GetHalVersion
/var/folders/rp/ngf19lg10dnfsn5m36jgzt1w0000gn/T//ccC5Bgnm.s:409    .text.HAL_GetREVID:0000000000000000 $t
/var/folders/rp/ngf19lg10dnfsn5m36jgzt1w0000gn/T//ccC5Bgnm.s:416    .text.HAL_GetREVID:0000000000000000 HAL_GetREVID
/var/folders/rp/ngf19lg10dnfsn5m36jgzt1w0000gn/T//ccC5Bgnm.s:435    .text.HAL_GetREVID:0000000000000008 $d
/var/folders/rp/ngf19lg10dnfsn5m36jgzt1w0000gn/T//ccC5Bgnm.s:440    .text.HAL_GetDEVID:0000000000000000 $t
/var/folders/rp/ngf19lg10dnfsn5m36jgzt1w0000gn/T//ccC5Bgnm.s:447    .text.HAL_GetDEVID:0000000000000000 HAL_GetDEVID
/var/folders/rp/ngf19lg10dnfsn5m36jgzt1w0000gn/T//ccC5Bgnm.s:467    .text.HAL_GetDEVID:000000000000000c $d
/var/folders/rp/ngf19lg10dnfsn5m36jgzt1w0000gn/T//ccC5Bgnm.s:472    .text.HAL_DBGMCU_EnableDBGStopMode:0000000000000000 $t
/var/folders/rp/ngf19lg10dnfsn5m36jgzt1w0000gn/T//ccC5Bgnm.s:479    .text.HAL_DBGMCU_EnableDBGStopMode:0000000000000000 HAL_DBGMCU_EnableDBGStopMode
/var/folders/rp/ngf19lg10dnfsn5m36jgzt1w0000gn/T//ccC5Bgnm.s:498    .text.HAL_DBGMCU_EnableDBGStopMode:000000000000000c $d
/var/folders/rp/ngf19lg10dnfsn5m36jgzt1w0000gn/T//ccC5Bgnm.s:503    .text.HAL_DBGMCU_DisableDBGStopMode:0000000000000000 $t
/var/folders/rp/ngf19lg10dnfsn5m36jgzt1w0000gn/T//ccC5Bgnm.s:510    .text.HAL_DBGMCU_DisableDBGStopMode:0000000000000000 HAL_DBGMCU_DisableDBGStopMode
/var/folders/rp/ngf19lg10dnfsn5m36jgzt1w0000gn/T//ccC5Bgnm.s:529    .text.HAL_DBGMCU_DisableDBGStopMode:000000000000000c $d
/var/folders/rp/ngf19lg10dnfsn5m36jgzt1w0000gn/T//ccC5Bgnm.s:534    .text.HAL_DBGMCU_EnableDBGStandbyMode:0000000000000000 $t
/var/folders/rp/ngf19lg10dnfsn5m36jgzt1w0000gn/T//ccC5Bgnm.s:541    .text.HAL_DBGMCU_EnableDBGStandbyMode:0000000000000000 HAL_DBGMCU_EnableDBGStandbyMode
/var/folders/rp/ngf19lg10dnfsn5m36jgzt1w0000gn/T//ccC5Bgnm.s:560    .text.HAL_DBGMCU_EnableDBGStandbyMode:000000000000000c $d
/var/folders/rp/ngf19lg10dnfsn5m36jgzt1w0000gn/T//ccC5Bgnm.s:565    .text.HAL_DBGMCU_DisableDBGStandbyMode:0000000000000000 $t
/var/folders/rp/ngf19lg10dnfsn5m36jgzt1w0000gn/T//ccC5Bgnm.s:572    .text.HAL_DBGMCU_DisableDBGStandbyMode:0000000000000000 HAL_DBGMCU_DisableDBGStandbyMode
/var/folders/rp/ngf19lg10dnfsn5m36jgzt1w0000gn/T//ccC5Bgnm.s:591    .text.HAL_DBGMCU_DisableDBGStandbyMode:000000000000000c $d

UNDEFINED SYMBOLS
__aeabi_uidiv
HAL_RCC_GetHCLKFreq
HAL_SYSTICK_Config
HAL_NVIC_SetPriority
